#
# There is insufficient memory for the Java Runtime Environment to continue.
# Native memory allocation (malloc) failed to allocate 32744 bytes for ChunkPool::allocate
# Possible reasons:
#   The system is out of physical RAM or swap space
#   The process is running with CompressedOops enabled, and the Java Heap may be blocking the growth of the native heap
# Possible solutions:
#   Reduce memory load on the system
#   Increase physical memory or swap space
#   Check if swap backing store is full
#   Decrease Java heap size (-Xmx/-Xms)
#   Decrease number of Java threads
#   Decrease Java thread stack sizes (-Xss)
#   Set larger code cache with -XX:ReservedCodeCacheSize=
#   JVM is running with Unscaled Compressed Oops mode in which the Java heap is
#     placed in the first 4GB address space. The Java Heap base address is the
#     maximum limit for the native heap growth. Please use -XX:HeapBaseMinAddress
#     to set the Java Heap base and to place the Java Heap above 4GB virtual address.
# This output file may be truncated or incomplete.
#
#  Out of Memory Error (arena.cpp:79), pid=27404, tid=19696
#
# JRE version: OpenJDK Runtime Environment (16.0.2+7) (build 16.0.2+7-67)
# Java VM: OpenJDK 64-Bit Server VM (16.0.2+7-67, mixed mode, sharing, tiered, compressed oops, compressed class ptrs, g1 gc, windows-amd64)
# No core dump will be written. Minidumps are not enabled by default on client versions of Windows
#

---------------  S U M M A R Y ------------

Command Line: --add-opens=java.base/java.util=ALL-UNNAMED --add-opens=java.base/java.lang=ALL-UNNAMED --add-opens=java.base/java.lang.invoke=ALL-UNNAMED --add-opens=java.base/java.util=ALL-UNNAMED --add-opens=java.prefs/java.util.prefs=ALL-UNNAMED --add-opens=java.prefs/java.util.prefs=ALL-UNNAMED --add-opens=java.base/java.nio.charset=ALL-UNNAMED --add-opens=java.base/java.net=ALL-UNNAMED --add-opens=java.base/java.util.concurrent.atomic=ALL-UNNAMED -XX:MaxMetaspaceSize=256m -XX:+HeapDumpOnOutOfMemoryError -Xms256m -Xmx512m -Dfile.encoding=windows-1252 -Duser.country=US -Duser.language=en -Duser.variant org.gradle.launcher.daemon.bootstrap.GradleDaemon 7.1

Host: 11th Gen Intel(R) Core(TM) i5-11400H @ 2.70GHz, 12 cores, 7G,  Windows 10 , 64 bit Build 19041 (10.0.19041.1202)
Time: Thu Oct 14 23:53:33 2021 Eastern Daylight Time elapsed time: 390.844492 seconds (0d 0h 6m 30s)

---------------  T H R E A D  ---------------

Current thread (0x000002b928b9ebf0):  JavaThread "C2 CompilerThread0" daemon [_thread_in_native, id=19696, stack(0x000000f25b400000,0x000000f25b500000)]


Current CompileTask:
C2: 390844 6174       4       sun.management.spi.PlatformMBeanProvider$PlatformComponent::getMBeans (87 bytes)

Stack: [0x000000f25b400000,0x000000f25b500000]
Native frames: (J=compiled Java code, j=interpreted, Vv=VM code, C=native code)
V  [jvm.dll+0x6681ca]
V  [jvm.dll+0x7c9e69]
V  [jvm.dll+0x7cb61e]
V  [jvm.dll+0x7cbc73]
V  [jvm.dll+0x242c55]
V  [jvm.dll+0xae10f]
V  [jvm.dll+0xae45c]
V  [jvm.dll+0x645cc8]
V  [jvm.dll+0x6457ee]
V  [jvm.dll+0x601d3b]
V  [jvm.dll+0x33e9b5]
V  [jvm.dll+0x67650e]
V  [jvm.dll+0x675a1c]
V  [jvm.dll+0x1a4d4c]
V  [jvm.dll+0x2a3e92]
V  [jvm.dll+0x680b54]
V  [jvm.dll+0x67886b]
V  [jvm.dll+0x677e97]
V  [jvm.dll+0x675d6a]
V  [jvm.dll+0x1a4d4c]
V  [jvm.dll+0x2a3e92]
V  [jvm.dll+0x680b54]
V  [jvm.dll+0x67886b]
V  [jvm.dll+0x677e97]
V  [jvm.dll+0x675d6a]
V  [jvm.dll+0x1a4d4c]
V  [jvm.dll+0x2a3e92]
V  [jvm.dll+0x680b54]
V  [jvm.dll+0x67886b]
V  [jvm.dll+0x677e97]
V  [jvm.dll+0x675d6a]
V  [jvm.dll+0x1a4d4c]
V  [jvm.dll+0x2a3e92]
V  [jvm.dll+0x680b54]
V  [jvm.dll+0x67886b]
V  [jvm.dll+0x677e97]
V  [jvm.dll+0x675d6a]
V  [jvm.dll+0x1a4d4c]
V  [jvm.dll+0x1a5996]
V  [jvm.dll+0x2a3e92]
V  [jvm.dll+0x680b54]
V  [jvm.dll+0x67886b]
V  [jvm.dll+0x677e97]
V  [jvm.dll+0x675d6a]
V  [jvm.dll+0x1a4d4c]
V  [jvm.dll+0x214d15]
V  [jvm.dll+0x1a1beb]
V  [jvm.dll+0x225158]
V  [jvm.dll+0x22319c]
V  [jvm.dll+0x77fa62]
V  [jvm.dll+0x7795aa]
V  [jvm.dll+0x667066]
C  [ucrtbase.dll+0x21bb2]
C  [KERNEL32.DLL+0x17034]
C  [ntdll.dll+0x52651]


---------------  P R O C E S S  ---------------

Threads class SMR info:
_java_thread_list=0x000002b92ba530b0, length=62, elements={
0x000002b90df7ab00, 0x000002b928b82d50, 0x000002b928b85870, 0x000002b928b9a2c0,
0x000002b928b9acd0, 0x000002b928b9d5f0, 0x000002b928b9df00, 0x000002b928b9ebf0,
0x000002b928bab720, 0x000002b928baf490, 0x000002b9295e5770, 0x000002b92960aed0,
0x000002b92b672e50, 0x000002b92b6733a0, 0x000002b92b673e40, 0x000002b92b674390,
0x000002b92b674e30, 0x000002b92b672900, 0x000002b92b940600, 0x000002b92b93f610,
0x000002b92b93cb90, 0x000002b92b93d630, 0x000002b92b942b30, 0x000002b92b93b650,
0x000002b92b93d0e0, 0x000002b92b93eb70, 0x000002b92b93e620, 0x000002b92b9400b0,
0x000002b92b942090, 0x000002b92b9415f0, 0x000002b92b93c0f0, 0x000002b92b93db80,
0x000002b92b9425e0, 0x000002b92d381590, 0x000002b92d37f5b0, 0x000002b92d37e070,
0x000002b92d381ae0, 0x000002b92d383570, 0x000002b92d37db20, 0x000002b92d384ab0,
0x000002b92d37d080, 0x000002b92d382ad0, 0x000002b92d37fb00, 0x000002b92d383020,
0x000002b92d380050, 0x000002b92d37e5c0, 0x000002b92d3805a0, 0x000002b92d37d5d0,
0x000002b92d380af0, 0x000002b92d384010, 0x000002b92d37eb10, 0x000002b92d383ac0,
0x000002b92d382030, 0x000002b92d384560, 0x000002b92d382580, 0x000002b92b93e0d0,
0x000002b92b943080, 0x000002b92b93bba0, 0x000002b92b93c640, 0x000002b92b93f0c0,
0x000002b92b93fb60, 0x000002b92b9410a0
}

Java Threads: ( => current thread )
  0x000002b90df7ab00 JavaThread "main" [_thread_blocked, id=19668, stack(0x000000f25a700000,0x000000f25a800000)]
  0x000002b928b82d50 JavaThread "Reference Handler" daemon [_thread_blocked, id=35616, stack(0x000000f25ae00000,0x000000f25af00000)]
  0x000002b928b85870 JavaThread "Finalizer" daemon [_thread_blocked, id=33008, stack(0x000000f25af00000,0x000000f25b000000)]
  0x000002b928b9a2c0 JavaThread "Signal Dispatcher" daemon [_thread_blocked, id=38612, stack(0x000000f25b000000,0x000000f25b100000)]
  0x000002b928b9acd0 JavaThread "Attach Listener" daemon [_thread_blocked, id=19876, stack(0x000000f25b100000,0x000000f25b200000)]
  0x000002b928b9d5f0 JavaThread "Service Thread" daemon [_thread_blocked, id=14216, stack(0x000000f25b200000,0x000000f25b300000)]
  0x000002b928b9df00 JavaThread "Monitor Deflation Thread" daemon [_thread_blocked, id=20572, stack(0x000000f25b300000,0x000000f25b400000)]
=>0x000002b928b9ebf0 JavaThread "C2 CompilerThread0" daemon [_thread_in_native, id=19696, stack(0x000000f25b400000,0x000000f25b500000)]
  0x000002b928bab720 JavaThread "C1 CompilerThread0" daemon [_thread_blocked, id=37764, stack(0x000000f25b500000,0x000000f25b600000)]
  0x000002b928baf490 JavaThread "Sweeper thread" daemon [_thread_blocked, id=36144, stack(0x000000f25b600000,0x000000f25b700000)]
  0x000002b9295e5770 JavaThread "Common-Cleaner" daemon [_thread_blocked, id=35908, stack(0x000000f25b700000,0x000000f25b800000)]
  0x000002b92960aed0 JavaThread "Notification Thread" daemon [_thread_blocked, id=36416, stack(0x000000f25b800000,0x000000f25b900000)]
  0x000002b92b672e50 JavaThread "Daemon health stats" [_thread_blocked, id=38768, stack(0x000000f25c000000,0x000000f25c100000)]
  0x000002b92b6733a0 JavaThread "Incoming local TCP Connector on port 57744" [_thread_in_native, id=22008, stack(0x000000f25c100000,0x000000f25c200000)]
  0x000002b92b673e40 JavaThread "Daemon periodic checks" [_thread_blocked, id=14364, stack(0x000000f25c200000,0x000000f25c300000)]
  0x000002b92b674390 JavaThread "Daemon" [_thread_blocked, id=24900, stack(0x000000f25c300000,0x000000f25c400000)]
  0x000002b92b674e30 JavaThread "Daemon worker" [_thread_blocked, id=36708, stack(0x000000f25c600000,0x000000f25c700000)]
  0x000002b92b672900 JavaThread "Cache worker for journal cache (C:\Users\gamer\.gradle\caches\journal-1)" [_thread_blocked, id=28220, stack(0x000000f25ca00000,0x000000f25cb00000)]
  0x000002b92b940600 JavaThread "File lock request listener" [_thread_in_native, id=37668, stack(0x000000f25cb00000,0x000000f25cc00000)]
  0x000002b92b93f610 JavaThread "Cache worker for file hash cache (C:\Users\gamer\.gradle\caches\7.1\fileHashes)" [_thread_blocked, id=35700, stack(0x000000f25cc00000,0x000000f25cd00000)]
  0x000002b92b93cb90 JavaThread "File watcher server" daemon [_thread_in_native, id=14728, stack(0x000000f25ce00000,0x000000f25cf00000)]
  0x000002b92b93d630 JavaThread "File watcher consumer" daemon [_thread_blocked, id=32108, stack(0x000000f25cf00000,0x000000f25d000000)]
  0x000002b92b942b30 JavaThread "Cache worker for execution history cache (C:\Users\gamer\.gradle\caches\7.1\executionHistory)" [_thread_blocked, id=34384, stack(0x000000f25d300000,0x000000f25d400000)]
  0x000002b92b93b650 JavaThread "jar transforms" [_thread_blocked, id=35280, stack(0x000000f25da00000,0x000000f25db00000)]
  0x000002b92b93d0e0 JavaThread "jar transforms Thread 2" [_thread_blocked, id=17984, stack(0x000000f25db00000,0x000000f25dc00000)]
  0x000002b92b93eb70 JavaThread "Cache worker for file content cache (C:\Users\gamer\.gradle\caches\7.1\fileContent)" [_thread_blocked, id=38664, stack(0x000000f25dc00000,0x000000f25dd00000)]
  0x000002b92b93e620 JavaThread "jar transforms Thread 3" [_thread_blocked, id=33844, stack(0x000000f25dd00000,0x000000f25de00000)]
  0x000002b92b9400b0 JavaThread "jar transforms Thread 4" [_thread_blocked, id=19724, stack(0x000000f25de00000,0x000000f25df00000)]
  0x000002b92b942090 JavaThread "jar transforms Thread 5" [_thread_blocked, id=21944, stack(0x000000f25df00000,0x000000f25e000000)]
  0x000002b92b9415f0 JavaThread "jar transforms Thread 6" [_thread_blocked, id=35580, stack(0x000000f25e000000,0x000000f25e100000)]
  0x000002b92b93c0f0 JavaThread "jar transforms Thread 7" [_thread_blocked, id=33124, stack(0x000000f25e200000,0x000000f25e300000)]
  0x000002b92b93db80 JavaThread "Memory manager" [_thread_blocked, id=21480, stack(0x000000f25e400000,0x000000f25e500000)]
  0x000002b92b9425e0 JavaThread "jar transforms Thread 8" [_thread_blocked, id=35528, stack(0x000000f25e500000,0x000000f25e600000)]
  0x000002b92d381590 JavaThread "Cache worker for Java compile cache (C:\Users\gamer\.gradle\caches\7.1\javaCompile)" [_thread_blocked, id=34792, stack(0x000000f25f200000,0x000000f25f300000)]
  0x000002b92d37f5b0 JavaThread "Exec process" [_thread_in_native, id=27576, stack(0x000000f25f300000,0x000000f25f400000)]
  0x000002b92d37e070 JavaThread "Exec process Thread 2" [_thread_blocked, id=29852, stack(0x000000f25f500000,0x000000f25f600000)]
  0x000002b92d381ae0 JavaThread "Exec process Thread 3" [_thread_in_native, id=24248, stack(0x000000f25f600000,0x000000f25f700000)]
  0x000002b92d383570 JavaThread "Exec process Thread 4" [_thread_in_native, id=23968, stack(0x000000f25f700000,0x000000f25f800000)]
  0x000002b92d37db20 JavaThread "Handler for socket connection from /127.0.0.1:57744 to /127.0.0.1:60317" [_thread_in_native, id=35996, stack(0x000000f25c500000,0x000000f25c600000)]
  0x000002b92d384ab0 JavaThread "Cancel handler" [_thread_blocked, id=37060, stack(0x000000f25c700000,0x000000f25c800000)]
  0x000002b92d37d080 JavaThread "Asynchronous log dispatcher for DefaultDaemonConnection: socket connection from /127.0.0.1:57744 to /127.0.0.1:60317" [_thread_blocked, id=28620, stack(0x000000f25c800000,0x000000f25c900000)]
  0x000002b92d382ad0 JavaThread "Stdin handler" [_thread_blocked, id=29700, stack(0x000000f25c900000,0x000000f25ca00000)]
  0x000002b92d37fb00 JavaThread "Daemon client event forwarder" [_thread_blocked, id=1260, stack(0x000000f25cd00000,0x000000f25ce00000)]
  0x000002b92d383020 JavaThread "Cache worker for file hash cache (C:\Users\gamer\OneDrive\Documents\Programming\code\a04\exercise43\.gradle\7.1\fileHashes)" [_thread_blocked, id=17196, stack(0x000000f25d000000,0x000000f25d100000)]
  0x000002b92d380050 JavaThread "Cache worker for checksums cache (C:\Users\gamer\OneDrive\Documents\Programming\code\a04\exercise43\.gradle\checksums)" [_thread_blocked, id=38512, stack(0x000000f25d100000,0x000000f25d200000)]
  0x000002b92d37e5c0 JavaThread "Cache worker for cache directory md-supplier (C:\Users\gamer\.gradle\caches\7.1\md-supplier)" [_thread_blocked, id=37740, stack(0x000000f25d200000,0x000000f25d300000)]
  0x000002b92d3805a0 JavaThread "Cache worker for cache directory md-rule (C:\Users\gamer\.gradle\caches\7.1\md-rule)" [_thread_blocked, id=17060, stack(0x000000f25e100000,0x000000f25e200000)]
  0x000002b92d37d5d0 JavaThread "Cache worker for dependencies-accessors (C:\Users\gamer\OneDrive\Documents\Programming\code\a04\exercise43\.gradle\7.1\dependencies-accessors)" [_thread_blocked, id=33904, stack(0x000000f25e300000,0x000000f25e400000)]
  0x000002b92d380af0 JavaThread "Cache worker for Build Output Cleanup Cache (C:\Users\gamer\OneDrive\Documents\Programming\code\a04\exercise43\.gradle\buildOutputCleanup)" [_thread_blocked, id=23472, stack(0x000000f25e600000,0x000000f25e700000)]
  0x000002b92d384010 JavaThread "Execution worker for ':'" [_thread_blocked, id=28488, stack(0x000000f25e900000,0x000000f25ea00000)]
  0x000002b92d37eb10 JavaThread "Execution worker for ':' Thread 2" [_thread_blocked, id=28180, stack(0x000000f25ea00000,0x000000f25eb00000)]
  0x000002b92d383ac0 JavaThread "Execution worker for ':' Thread 3" [_thread_blocked, id=25388, stack(0x000000f25eb00000,0x000000f25ec00000)]
  0x000002b92d382030 JavaThread "Execution worker for ':' Thread 4" [_thread_blocked, id=38444, stack(0x000000f25ec00000,0x000000f25ed00000)]
  0x000002b92d384560 JavaThread "Execution worker for ':' Thread 5" [_thread_blocked, id=36200, stack(0x000000f25ed00000,0x000000f25ee00000)]
  0x000002b92d382580 JavaThread "Execution worker for ':' Thread 6" [_thread_blocked, id=35632, stack(0x000000f25ee00000,0x000000f25ef00000)]
  0x000002b92b93e0d0 JavaThread "Execution worker for ':' Thread 7" [_thread_blocked, id=38616, stack(0x000000f25ef00000,0x000000f25f000000)]
  0x000002b92b943080 JavaThread "Execution worker for ':' Thread 8" [_thread_blocked, id=21888, stack(0x000000f25f000000,0x000000f25f100000)]
  0x000002b92b93bba0 JavaThread "Execution worker for ':' Thread 9" [_thread_blocked, id=19104, stack(0x000000f25f100000,0x000000f25f200000)]
  0x000002b92b93c640 JavaThread "Execution worker for ':' Thread 10" [_thread_blocked, id=30312, stack(0x000000f25f400000,0x000000f25f500000)]
  0x000002b92b93f0c0 JavaThread "Execution worker for ':' Thread 11" [_thread_blocked, id=6764, stack(0x000000f25f800000,0x000000f25f900000)]
  0x000002b92b93fb60 JavaThread "Cache worker for execution history cache (C:\Users\gamer\OneDrive\Documents\Programming\code\a04\exercise43\.gradle\7.1\executionHistory)" [_thread_blocked, id=33336, stack(0x000000f25f900000,0x000000f25fa00000)]
  0x000002b92b9410a0 JavaThread "DisconnectableInputStream source reader" daemon [_thread_blocked, id=38784, stack(0x000000f25fa00000,0x000000f25fb00000)]

Other Threads:
  0x000002b928b7d350 VMThread "VM Thread" [stack: 0x000000f25ad00000,0x000000f25ae00000] [id=16372]
  0x000002b92960b600 WatcherThread [stack: 0x000000f25b900000,0x000000f25ba00000] [id=20000]
  0x000002b90dfa59b0 GCTaskThread "GC Thread#0" [stack: 0x000000f25a800000,0x000000f25a900000] [id=31716]
  0x000002b929dd2d00 GCTaskThread "GC Thread#1" [stack: 0x000000f25ba00000,0x000000f25bb00000] [id=32264]
  0x000002b92a15ffc0 GCTaskThread "GC Thread#2" [stack: 0x000000f25bb00000,0x000000f25bc00000] [id=22256]
  0x000002b92a1602d0 GCTaskThread "GC Thread#3" [stack: 0x000000f25bc00000,0x000000f25bd00000] [id=5196]
  0x000002b92a0a47c0 GCTaskThread "GC Thread#4" [stack: 0x000000f25bd00000,0x000000f25be00000] [id=21884]
  0x000002b929e4a420 GCTaskThread "GC Thread#5" [stack: 0x000000f25be00000,0x000000f25bf00000] [id=32984]
  0x000002b92dc18c00 GCTaskThread "GC Thread#6" [stack: 0x000000f25d400000,0x000000f25d500000] [id=34004]
  0x000002b92dc17070 GCTaskThread "GC Thread#7" [stack: 0x000000f25d500000,0x000000f25d600000] [id=35692]
  0x000002b92dc17690 GCTaskThread "GC Thread#8" [stack: 0x000000f25d600000,0x000000f25d700000] [id=24604]
  0x000002b92dc182d0 GCTaskThread "GC Thread#9" [stack: 0x000000f25d700000,0x000000f25d800000] [id=32028]
  0x000002b90dfaa8a0 ConcurrentGCThread "G1 Main Marker" [stack: 0x000000f25a900000,0x000000f25aa00000] [id=38488]
  0x000002b90dfac150 ConcurrentGCThread "G1 Conc#0" [stack: 0x000000f25aa00000,0x000000f25ab00000] [id=24396]
  0x000002b92dc179a0 ConcurrentGCThread "G1 Conc#1" [stack: 0x000000f25d800000,0x000000f25d900000] [id=23772]
  0x000002b92dc185e0 ConcurrentGCThread "G1 Conc#2" [stack: 0x000000f25d900000,0x000000f25da00000] [id=31500]
  0x000002b90e05d400 ConcurrentGCThread "G1 Refine#0" [stack: 0x000000f25ab00000,0x000000f25ac00000] [id=17680]
  0x000002b90e05dcb0 ConcurrentGCThread "G1 Service" [stack: 0x000000f25ac00000,0x000000f25ad00000] [id=37444]

Threads with active compile tasks:
C2 CompilerThread0   390870 6174       4       sun.management.spi.PlatformMBeanProvider$PlatformComponent::getMBeans (87 bytes)

VM state: not at safepoint (normal execution)

VM Mutex/Monitor currently owned by a thread: None

Heap address: 0x00000000e0000000, size: 512 MB, Compressed Oops mode: 32-bit

CDS archive(s) mapped at: [0x0000000800000000-0x0000000800bb0000-0x0000000800bb0000), size 12255232, SharedBaseAddress: 0x0000000800000000, ArchiveRelocationMode: 0.
Compressed class space mapped at: 0x0000000800c00000-0x000000080dc00000, reserved size: 218103808
Narrow klass base: 0x0000000800000000, Narrow klass shift: 3, Narrow klass range: 0x100000000

GC Precious Log:
 CPUs: 12 total, 12 available
 Memory: 7829M
 Large Page Support: Disabled
 NUMA Support: Disabled
 Compressed Oops: Enabled (32-bit)
 Heap Region Size: 1M
 Heap Min Capacity: 256M
 Heap Initial Capacity: 256M
 Heap Max Capacity: 512M
 Pre-touch: Disabled
 Parallel Workers: 10
 Concurrent Workers: 3
 Concurrent Refinement Workers: 10
 Periodic GC: Disabled

Heap:
 garbage-first heap   total 262144K, used 144251K [0x00000000e0000000, 0x0000000100000000)
  region size 1024K, 122 young (124928K), 9 survivors (9216K)
 Metaspace       used 51649K, committed 52288K, reserved 262144K
  class space    used 7086K, committed 7424K, reserved 212992K

Heap Regions: E=young(eden), S=young(survivor), O=old, HS=humongous(starts), HC=humongous(continues), CS=collection set, F=free, OA=open archive, CA=closed archive, TAMS=top-at-mark-start (previous, next)
|   0|0x00000000e0000000, 0x00000000e0000000, 0x00000000e0100000|  0%| F|  |TAMS 0x00000000e0000000, 0x00000000e0000000| Untracked 
|   1|0x00000000e0100000, 0x00000000e0200000, 0x00000000e0200000|100%| O|  |TAMS 0x00000000e0200000, 0x00000000e0100000| Untracked 
|   2|0x00000000e0200000, 0x00000000e0300000, 0x00000000e0300000|100%| O|  |TAMS 0x00000000e0300000, 0x00000000e0200000| Untracked 
|   3|0x00000000e0300000, 0x00000000e0400000, 0x00000000e0400000|100%|HS|  |TAMS 0x00000000e0400000, 0x00000000e0300000| Complete 
|   4|0x00000000e0400000, 0x00000000e0500000, 0x00000000e0500000|100%|HC|  |TAMS 0x00000000e0500000, 0x00000000e0400000| Complete 
|   5|0x00000000e0500000, 0x00000000e0600000, 0x00000000e0600000|100%|HC|  |TAMS 0x00000000e0600000, 0x00000000e0500000| Complete 
|   6|0x00000000e0600000, 0x00000000e0700000, 0x00000000e0700000|100%| O|  |TAMS 0x00000000e0700000, 0x00000000e0600000| Untracked 
|   7|0x00000000e0700000, 0x00000000e0800000, 0x00000000e0800000|100%| O|  |TAMS 0x00000000e0800000, 0x00000000e0700000| Untracked 
|   8|0x00000000e0800000, 0x00000000e0900000, 0x00000000e0900000|100%| O|  |TAMS 0x00000000e0900000, 0x00000000e0800000| Untracked 
|   9|0x00000000e0900000, 0x00000000e0a00000, 0x00000000e0a00000|100%| O|  |TAMS 0x00000000e09f1000, 0x00000000e0900000| Untracked 
|  10|0x00000000e0a00000, 0x00000000e0a00000, 0x00000000e0b00000|  0%| F|  |TAMS 0x00000000e0a00000, 0x00000000e0a00000| Untracked 
|  11|0x00000000e0b00000, 0x00000000e0b00000, 0x00000000e0c00000|  0%| F|  |TAMS 0x00000000e0b00000, 0x00000000e0b00000| Untracked 
|  12|0x00000000e0c00000, 0x00000000e0c00000, 0x00000000e0d00000|  0%| F|  |TAMS 0x00000000e0c00000, 0x00000000e0c00000| Untracked 
|  13|0x00000000e0d00000, 0x00000000e0e00000, 0x00000000e0e00000|100%| O|  |TAMS 0x00000000e0d00000, 0x00000000e0d00000| Untracked 
|  14|0x00000000e0e00000, 0x00000000e0f00000, 0x00000000e0f00000|100%| O|  |TAMS 0x00000000e0e00000, 0x00000000e0e00000| Untracked 
|  15|0x00000000e0f00000, 0x00000000e1000000, 0x00000000e1000000|100%| O|  |TAMS 0x00000000e0f00000, 0x00000000e0f00000| Untracked 
|  16|0x00000000e1000000, 0x00000000e1100000, 0x00000000e1100000|100%| O|  |TAMS 0x00000000e1000000, 0x00000000e1000000| Untracked 
|  17|0x00000000e1100000, 0x00000000e1200000, 0x00000000e1200000|100%| O|  |TAMS 0x00000000e1100000, 0x00000000e1100000| Untracked 
|  18|0x00000000e1200000, 0x00000000e1300000, 0x00000000e1300000|100%| O|  |TAMS 0x00000000e1200000, 0x00000000e1200000| Untracked 
|  19|0x00000000e1300000, 0x00000000e1400000, 0x00000000e1400000|100%| O|  |TAMS 0x00000000e1300000, 0x00000000e1300000| Untracked 
|  20|0x00000000e1400000, 0x00000000e1500000, 0x00000000e1500000|100%| O|  |TAMS 0x00000000e1400000, 0x00000000e1400000| Untracked 
|  21|0x00000000e1500000, 0x00000000e1600000, 0x00000000e1600000|100%| O|  |TAMS 0x00000000e1500000, 0x00000000e1500000| Untracked 
|  22|0x00000000e1600000, 0x00000000e1700000, 0x00000000e1700000|100%| O|  |TAMS 0x00000000e1600000, 0x00000000e1600000| Untracked 
|  23|0x00000000e1700000, 0x00000000e1800000, 0x00000000e1800000|100%| O|  |TAMS 0x00000000e1700000, 0x00000000e1700000| Untracked 
|  24|0x00000000e1800000, 0x00000000e182d600, 0x00000000e1900000| 17%| O|  |TAMS 0x00000000e1800000, 0x00000000e1800000| Untracked 
|  25|0x00000000e1900000, 0x00000000e1900000, 0x00000000e1a00000|  0%| F|  |TAMS 0x00000000e1900000, 0x00000000e1900000| Untracked 
|  26|0x00000000e1a00000, 0x00000000e1a00000, 0x00000000e1b00000|  0%| F|  |TAMS 0x00000000e1a00000, 0x00000000e1a00000| Untracked 
|  27|0x00000000e1b00000, 0x00000000e1b00000, 0x00000000e1c00000|  0%| F|  |TAMS 0x00000000e1b00000, 0x00000000e1b00000| Untracked 
|  28|0x00000000e1c00000, 0x00000000e1c00000, 0x00000000e1d00000|  0%| F|  |TAMS 0x00000000e1c00000, 0x00000000e1c00000| Untracked 
|  29|0x00000000e1d00000, 0x00000000e1d00000, 0x00000000e1e00000|  0%| F|  |TAMS 0x00000000e1d00000, 0x00000000e1d00000| Untracked 
|  30|0x00000000e1e00000, 0x00000000e1e00000, 0x00000000e1f00000|  0%| F|  |TAMS 0x00000000e1e00000, 0x00000000e1e00000| Untracked 
|  31|0x00000000e1f00000, 0x00000000e1f00000, 0x00000000e2000000|  0%| F|  |TAMS 0x00000000e1f00000, 0x00000000e1f00000| Untracked 
|  32|0x00000000e2000000, 0x00000000e2000000, 0x00000000e2100000|  0%| F|  |TAMS 0x00000000e2000000, 0x00000000e2000000| Untracked 
|  33|0x00000000e2100000, 0x00000000e2100000, 0x00000000e2200000|  0%| F|  |TAMS 0x00000000e2100000, 0x00000000e2100000| Untracked 
|  34|0x00000000e2200000, 0x00000000e2200000, 0x00000000e2300000|  0%| F|  |TAMS 0x00000000e2200000, 0x00000000e2200000| Untracked 
|  35|0x00000000e2300000, 0x00000000e2300000, 0x00000000e2400000|  0%| F|  |TAMS 0x00000000e2300000, 0x00000000e2300000| Untracked 
|  36|0x00000000e2400000, 0x00000000e2400000, 0x00000000e2500000|  0%| F|  |TAMS 0x00000000e2400000, 0x00000000e2400000| Untracked 
|  37|0x00000000e2500000, 0x00000000e2500000, 0x00000000e2600000|  0%| F|  |TAMS 0x00000000e2500000, 0x00000000e2500000| Untracked 
|  38|0x00000000e2600000, 0x00000000e2600000, 0x00000000e2700000|  0%| F|  |TAMS 0x00000000e2600000, 0x00000000e2600000| Untracked 
|  39|0x00000000e2700000, 0x00000000e2700000, 0x00000000e2800000|  0%| F|  |TAMS 0x00000000e2700000, 0x00000000e2700000| Untracked 
|  40|0x00000000e2800000, 0x00000000e2800000, 0x00000000e2900000|  0%| F|  |TAMS 0x00000000e2800000, 0x00000000e2800000| Untracked 
|  41|0x00000000e2900000, 0x00000000e2900000, 0x00000000e2a00000|  0%| F|  |TAMS 0x00000000e2900000, 0x00000000e2900000| Untracked 
|  42|0x00000000e2a00000, 0x00000000e2a00000, 0x00000000e2b00000|  0%| F|  |TAMS 0x00000000e2a00000, 0x00000000e2a00000| Untracked 
|  43|0x00000000e2b00000, 0x00000000e2b00000, 0x00000000e2c00000|  0%| F|  |TAMS 0x00000000e2b00000, 0x00000000e2b00000| Untracked 
|  44|0x00000000e2c00000, 0x00000000e2c00000, 0x00000000e2d00000|  0%| F|  |TAMS 0x00000000e2c00000, 0x00000000e2c00000| Untracked 
|  45|0x00000000e2d00000, 0x00000000e2d00000, 0x00000000e2e00000|  0%| F|  |TAMS 0x00000000e2d00000, 0x00000000e2d00000| Untracked 
|  46|0x00000000e2e00000, 0x00000000e2e00000, 0x00000000e2f00000|  0%| F|  |TAMS 0x00000000e2e00000, 0x00000000e2e00000| Untracked 
|  47|0x00000000e2f00000, 0x00000000e2f00000, 0x00000000e3000000|  0%| F|  |TAMS 0x00000000e2f00000, 0x00000000e2f00000| Untracked 
|  48|0x00000000e3000000, 0x00000000e3000000, 0x00000000e3100000|  0%| F|  |TAMS 0x00000000e3000000, 0x00000000e3000000| Untracked 
|  49|0x00000000e3100000, 0x00000000e3100000, 0x00000000e3200000|  0%| F|  |TAMS 0x00000000e3100000, 0x00000000e3100000| Untracked 
|  50|0x00000000e3200000, 0x00000000e3200000, 0x00000000e3300000|  0%| F|  |TAMS 0x00000000e3200000, 0x00000000e3200000| Untracked 
|  51|0x00000000e3300000, 0x00000000e3300000, 0x00000000e3400000|  0%| F|  |TAMS 0x00000000e3300000, 0x00000000e3300000| Untracked 
|  52|0x00000000e3400000, 0x00000000e3400000, 0x00000000e3500000|  0%| F|  |TAMS 0x00000000e3400000, 0x00000000e3400000| Untracked 
|  53|0x00000000e3500000, 0x00000000e3500000, 0x00000000e3600000|  0%| F|  |TAMS 0x00000000e3500000, 0x00000000e3500000| Untracked 
|  54|0x00000000e3600000, 0x00000000e3600000, 0x00000000e3700000|  0%| F|  |TAMS 0x00000000e3600000, 0x00000000e3600000| Untracked 
|  55|0x00000000e3700000, 0x00000000e3700000, 0x00000000e3800000|  0%| F|  |TAMS 0x00000000e3700000, 0x00000000e3700000| Untracked 
|  56|0x00000000e3800000, 0x00000000e3800000, 0x00000000e3900000|  0%| F|  |TAMS 0x00000000e3800000, 0x00000000e3800000| Untracked 
|  57|0x00000000e3900000, 0x00000000e3900000, 0x00000000e3a00000|  0%| F|  |TAMS 0x00000000e3900000, 0x00000000e3900000| Untracked 
|  58|0x00000000e3a00000, 0x00000000e3a00000, 0x00000000e3b00000|  0%| F|  |TAMS 0x00000000e3a00000, 0x00000000e3a00000| Untracked 
|  59|0x00000000e3b00000, 0x00000000e3b00000, 0x00000000e3c00000|  0%| F|  |TAMS 0x00000000e3b00000, 0x00000000e3b00000| Untracked 
|  60|0x00000000e3c00000, 0x00000000e3c00000, 0x00000000e3d00000|  0%| F|  |TAMS 0x00000000e3c00000, 0x00000000e3c00000| Untracked 
|  61|0x00000000e3d00000, 0x00000000e3d00000, 0x00000000e3e00000|  0%| F|  |TAMS 0x00000000e3d00000, 0x00000000e3d00000| Untracked 
|  62|0x00000000e3e00000, 0x00000000e3e00000, 0x00000000e3f00000|  0%| F|  |TAMS 0x00000000e3e00000, 0x00000000e3e00000| Untracked 
|  63|0x00000000e3f00000, 0x00000000e3f00000, 0x00000000e4000000|  0%| F|  |TAMS 0x00000000e3f00000, 0x00000000e3f00000| Untracked 
|  64|0x00000000e4000000, 0x00000000e4000000, 0x00000000e4100000|  0%| F|  |TAMS 0x00000000e4000000, 0x00000000e4000000| Untracked 
|  65|0x00000000e4100000, 0x00000000e4100000, 0x00000000e4200000|  0%| F|  |TAMS 0x00000000e4100000, 0x00000000e4100000| Untracked 
|  66|0x00000000e4200000, 0x00000000e4200000, 0x00000000e4300000|  0%| F|  |TAMS 0x00000000e4200000, 0x00000000e4200000| Untracked 
|  67|0x00000000e4300000, 0x00000000e4300000, 0x00000000e4400000|  0%| F|  |TAMS 0x00000000e4300000, 0x00000000e4300000| Untracked 
|  68|0x00000000e4400000, 0x00000000e4400000, 0x00000000e4500000|  0%| F|  |TAMS 0x00000000e4400000, 0x00000000e4400000| Untracked 
|  69|0x00000000e4500000, 0x00000000e4500000, 0x00000000e4600000|  0%| F|  |TAMS 0x00000000e4500000, 0x00000000e4500000| Untracked 
|  70|0x00000000e4600000, 0x00000000e4600000, 0x00000000e4700000|  0%| F|  |TAMS 0x00000000e4600000, 0x00000000e4600000| Untracked 
|  71|0x00000000e4700000, 0x00000000e4700000, 0x00000000e4800000|  0%| F|  |TAMS 0x00000000e4700000, 0x00000000e4700000| Untracked 
|  72|0x00000000e4800000, 0x00000000e4800000, 0x00000000e4900000|  0%| F|  |TAMS 0x00000000e4800000, 0x00000000e4800000| Untracked 
|  73|0x00000000e4900000, 0x00000000e4900000, 0x00000000e4a00000|  0%| F|  |TAMS 0x00000000e4900000, 0x00000000e4900000| Untracked 
|  74|0x00000000e4a00000, 0x00000000e4a00000, 0x00000000e4b00000|  0%| F|  |TAMS 0x00000000e4a00000, 0x00000000e4a00000| Untracked 
|  75|0x00000000e4b00000, 0x00000000e4b00000, 0x00000000e4c00000|  0%| F|  |TAMS 0x00000000e4b00000, 0x00000000e4b00000| Untracked 
|  76|0x00000000e4c00000, 0x00000000e4c00000, 0x00000000e4d00000|  0%| F|  |TAMS 0x00000000e4c00000, 0x00000000e4c00000| Untracked 
|  77|0x00000000e4d00000, 0x00000000e4d00000, 0x00000000e4e00000|  0%| F|  |TAMS 0x00000000e4d00000, 0x00000000e4d00000| Untracked 
|  78|0x00000000e4e00000, 0x00000000e4e00000, 0x00000000e4f00000|  0%| F|  |TAMS 0x00000000e4e00000, 0x00000000e4e00000| Untracked 
|  79|0x00000000e4f00000, 0x00000000e4f00000, 0x00000000e5000000|  0%| F|  |TAMS 0x00000000e4f00000, 0x00000000e4f00000| Untracked 
|  80|0x00000000e5000000, 0x00000000e5000000, 0x00000000e5100000|  0%| F|  |TAMS 0x00000000e5000000, 0x00000000e5000000| Untracked 
|  81|0x00000000e5100000, 0x00000000e5100000, 0x00000000e5200000|  0%| F|  |TAMS 0x00000000e5100000, 0x00000000e5100000| Untracked 
|  82|0x00000000e5200000, 0x00000000e5200000, 0x00000000e5300000|  0%| F|  |TAMS 0x00000000e5200000, 0x00000000e5200000| Untracked 
|  83|0x00000000e5300000, 0x00000000e5300000, 0x00000000e5400000|  0%| F|  |TAMS 0x00000000e5300000, 0x00000000e5300000| Untracked 
|  84|0x00000000e5400000, 0x00000000e5400000, 0x00000000e5500000|  0%| F|  |TAMS 0x00000000e5400000, 0x00000000e5400000| Untracked 
|  85|0x00000000e5500000, 0x00000000e5500000, 0x00000000e5600000|  0%| F|  |TAMS 0x00000000e5500000, 0x00000000e5500000| Untracked 
|  86|0x00000000e5600000, 0x00000000e5600000, 0x00000000e5700000|  0%| F|  |TAMS 0x00000000e5600000, 0x00000000e5600000| Untracked 
|  87|0x00000000e5700000, 0x00000000e5700000, 0x00000000e5800000|  0%| F|  |TAMS 0x00000000e5700000, 0x00000000e5700000| Untracked 
|  88|0x00000000e5800000, 0x00000000e5800000, 0x00000000e5900000|  0%| F|  |TAMS 0x00000000e5800000, 0x00000000e5800000| Untracked 
|  89|0x00000000e5900000, 0x00000000e5900000, 0x00000000e5a00000|  0%| F|  |TAMS 0x00000000e5900000, 0x00000000e5900000| Untracked 
|  90|0x00000000e5a00000, 0x00000000e5a00000, 0x00000000e5b00000|  0%| F|  |TAMS 0x00000000e5a00000, 0x00000000e5a00000| Untracked 
|  91|0x00000000e5b00000, 0x00000000e5b00000, 0x00000000e5c00000|  0%| F|  |TAMS 0x00000000e5b00000, 0x00000000e5b00000| Untracked 
|  92|0x00000000e5c00000, 0x00000000e5c00000, 0x00000000e5d00000|  0%| F|  |TAMS 0x00000000e5c00000, 0x00000000e5c00000| Untracked 
|  93|0x00000000e5d00000, 0x00000000e5d00000, 0x00000000e5e00000|  0%| F|  |TAMS 0x00000000e5d00000, 0x00000000e5d00000| Untracked 
|  94|0x00000000e5e00000, 0x00000000e5e00000, 0x00000000e5f00000|  0%| F|  |TAMS 0x00000000e5e00000, 0x00000000e5e00000| Untracked 
|  95|0x00000000e5f00000, 0x00000000e5f00000, 0x00000000e6000000|  0%| F|  |TAMS 0x00000000e5f00000, 0x00000000e5f00000| Untracked 
|  96|0x00000000e6000000, 0x00000000e6000000, 0x00000000e6100000|  0%| F|  |TAMS 0x00000000e6000000, 0x00000000e6000000| Untracked 
|  97|0x00000000e6100000, 0x00000000e6100000, 0x00000000e6200000|  0%| F|  |TAMS 0x00000000e6100000, 0x00000000e6100000| Untracked 
|  98|0x00000000e6200000, 0x00000000e6200000, 0x00000000e6300000|  0%| F|  |TAMS 0x00000000e6200000, 0x00000000e6200000| Untracked 
|  99|0x00000000e6300000, 0x00000000e6300000, 0x00000000e6400000|  0%| F|  |TAMS 0x00000000e6300000, 0x00000000e6300000| Untracked 
| 100|0x00000000e6400000, 0x00000000e6400000, 0x00000000e6500000|  0%| F|  |TAMS 0x00000000e6400000, 0x00000000e6400000| Untracked 
| 101|0x00000000e6500000, 0x00000000e6500000, 0x00000000e6600000|  0%| F|  |TAMS 0x00000000e6500000, 0x00000000e6500000| Untracked 
| 102|0x00000000e6600000, 0x00000000e6600000, 0x00000000e6700000|  0%| F|  |TAMS 0x00000000e6600000, 0x00000000e6600000| Untracked 
| 103|0x00000000e6700000, 0x00000000e6700000, 0x00000000e6800000|  0%| F|  |TAMS 0x00000000e6700000, 0x00000000e6700000| Untracked 
| 104|0x00000000e6800000, 0x00000000e6800000, 0x00000000e6900000|  0%| F|  |TAMS 0x00000000e6800000, 0x00000000e6800000| Untracked 
| 105|0x00000000e6900000, 0x00000000e6900000, 0x00000000e6a00000|  0%| F|  |TAMS 0x00000000e6900000, 0x00000000e6900000| Untracked 
| 106|0x00000000e6a00000, 0x00000000e6a00000, 0x00000000e6b00000|  0%| F|  |TAMS 0x00000000e6a00000, 0x00000000e6a00000| Untracked 
| 107|0x00000000e6b00000, 0x00000000e6b00000, 0x00000000e6c00000|  0%| F|  |TAMS 0x00000000e6b00000, 0x00000000e6b00000| Untracked 
| 108|0x00000000e6c00000, 0x00000000e6c00000, 0x00000000e6d00000|  0%| F|  |TAMS 0x00000000e6c00000, 0x00000000e6c00000| Untracked 
| 109|0x00000000e6d00000, 0x00000000e6d00000, 0x00000000e6e00000|  0%| F|  |TAMS 0x00000000e6d00000, 0x00000000e6d00000| Untracked 
| 110|0x00000000e6e00000, 0x00000000e6e00000, 0x00000000e6f00000|  0%| F|  |TAMS 0x00000000e6e00000, 0x00000000e6e00000| Untracked 
| 111|0x00000000e6f00000, 0x00000000e6f00000, 0x00000000e7000000|  0%| F|  |TAMS 0x00000000e6f00000, 0x00000000e6f00000| Untracked 
| 112|0x00000000e7000000, 0x00000000e7000000, 0x00000000e7100000|  0%| F|  |TAMS 0x00000000e7000000, 0x00000000e7000000| Untracked 
| 113|0x00000000e7100000, 0x00000000e7100000, 0x00000000e7200000|  0%| F|  |TAMS 0x00000000e7100000, 0x00000000e7100000| Untracked 
| 114|0x00000000e7200000, 0x00000000e7200000, 0x00000000e7300000|  0%| F|  |TAMS 0x00000000e7200000, 0x00000000e7200000| Untracked 
| 115|0x00000000e7300000, 0x00000000e7300000, 0x00000000e7400000|  0%| F|  |TAMS 0x00000000e7300000, 0x00000000e7300000| Untracked 
| 116|0x00000000e7400000, 0x00000000e7400000, 0x00000000e7500000|  0%| F|  |TAMS 0x00000000e7400000, 0x00000000e7400000| Untracked 
| 117|0x00000000e7500000, 0x00000000e7500000, 0x00000000e7600000|  0%| F|  |TAMS 0x00000000e7500000, 0x00000000e7500000| Untracked 
| 118|0x00000000e7600000, 0x00000000e7600000, 0x00000000e7700000|  0%| F|  |TAMS 0x00000000e7600000, 0x00000000e7600000| Untracked 
| 119|0x00000000e7700000, 0x00000000e7700000, 0x00000000e7800000|  0%| F|  |TAMS 0x00000000e7700000, 0x00000000e7700000| Untracked 
| 120|0x00000000e7800000, 0x00000000e7800000, 0x00000000e7900000|  0%| F|  |TAMS 0x00000000e7800000, 0x00000000e7800000| Untracked 
| 121|0x00000000e7900000, 0x00000000e7900000, 0x00000000e7a00000|  0%| F|  |TAMS 0x00000000e7900000, 0x00000000e7900000| Untracked 
| 122|0x00000000e7a00000, 0x00000000e7a00000, 0x00000000e7b00000|  0%| F|  |TAMS 0x00000000e7a00000, 0x00000000e7a00000| Untracked 
| 123|0x00000000e7b00000, 0x00000000e7b00000, 0x00000000e7c00000|  0%| F|  |TAMS 0x00000000e7b00000, 0x00000000e7b00000| Untracked 
| 124|0x00000000e7c00000, 0x00000000e7c00000, 0x00000000e7d00000|  0%| F|  |TAMS 0x00000000e7c00000, 0x00000000e7c00000| Untracked 
| 125|0x00000000e7d00000, 0x00000000e7d00000, 0x00000000e7e00000|  0%| F|  |TAMS 0x00000000e7d00000, 0x00000000e7d00000| Untracked 
| 126|0x00000000e7e00000, 0x00000000e7e00000, 0x00000000e7f00000|  0%| F|  |TAMS 0x00000000e7e00000, 0x00000000e7e00000| Untracked 
| 127|0x00000000e7f00000, 0x00000000e7f00000, 0x00000000e8000000|  0%| F|  |TAMS 0x00000000e7f00000, 0x00000000e7f00000| Untracked 
| 128|0x00000000e8000000, 0x00000000e8000000, 0x00000000e8100000|  0%| F|  |TAMS 0x00000000e8000000, 0x00000000e8000000| Untracked 
| 129|0x00000000e8100000, 0x00000000e8100000, 0x00000000e8200000|  0%| F|  |TAMS 0x00000000e8100000, 0x00000000e8100000| Untracked 
| 130|0x00000000e8200000, 0x00000000e8200000, 0x00000000e8300000|  0%| F|  |TAMS 0x00000000e8200000, 0x00000000e8200000| Untracked 
| 131|0x00000000e8300000, 0x00000000e8300000, 0x00000000e8400000|  0%| F|  |TAMS 0x00000000e8300000, 0x00000000e8300000| Untracked 
| 132|0x00000000e8400000, 0x00000000e8400000, 0x00000000e8500000|  0%| F|  |TAMS 0x00000000e8400000, 0x00000000e8400000| Untracked 
| 133|0x00000000e8500000, 0x00000000e8500000, 0x00000000e8600000|  0%| F|  |TAMS 0x00000000e8500000, 0x00000000e8500000| Untracked 
| 134|0x00000000e8600000, 0x00000000e867b718, 0x00000000e8700000| 48%| E|  |TAMS 0x00000000e8600000, 0x00000000e8600000| Complete 
| 135|0x00000000e8700000, 0x00000000e8800000, 0x00000000e8800000|100%| E|CS|TAMS 0x00000000e8700000, 0x00000000e8700000| Complete 
| 136|0x00000000e8800000, 0x00000000e8900000, 0x00000000e8900000|100%| E|CS|TAMS 0x00000000e8800000, 0x00000000e8800000| Complete 
| 137|0x00000000e8900000, 0x00000000e8a00000, 0x00000000e8a00000|100%| E|CS|TAMS 0x00000000e8900000, 0x00000000e8900000| Complete 
| 138|0x00000000e8a00000, 0x00000000e8b00000, 0x00000000e8b00000|100%| E|CS|TAMS 0x00000000e8a00000, 0x00000000e8a00000| Complete 
| 139|0x00000000e8b00000, 0x00000000e8c00000, 0x00000000e8c00000|100%| E|CS|TAMS 0x00000000e8b00000, 0x00000000e8b00000| Complete 
| 140|0x00000000e8c00000, 0x00000000e8d00000, 0x00000000e8d00000|100%| E|CS|TAMS 0x00000000e8c00000, 0x00000000e8c00000| Complete 
| 141|0x00000000e8d00000, 0x00000000e8e00000, 0x00000000e8e00000|100%| E|CS|TAMS 0x00000000e8d00000, 0x00000000e8d00000| Complete 
| 142|0x00000000e8e00000, 0x00000000e8f00000, 0x00000000e8f00000|100%| E|CS|TAMS 0x00000000e8e00000, 0x00000000e8e00000| Complete 
| 143|0x00000000e8f00000, 0x00000000e9000000, 0x00000000e9000000|100%| E|CS|TAMS 0x00000000e8f00000, 0x00000000e8f00000| Complete 
| 144|0x00000000e9000000, 0x00000000e9100000, 0x00000000e9100000|100%| E|CS|TAMS 0x00000000e9000000, 0x00000000e9000000| Complete 
| 145|0x00000000e9100000, 0x00000000e9200000, 0x00000000e9200000|100%| E|CS|TAMS 0x00000000e9100000, 0x00000000e9100000| Complete 
| 146|0x00000000e9200000, 0x00000000e9300000, 0x00000000e9300000|100%| E|CS|TAMS 0x00000000e9200000, 0x00000000e9200000| Complete 
| 147|0x00000000e9300000, 0x00000000e9400000, 0x00000000e9400000|100%| E|CS|TAMS 0x00000000e9300000, 0x00000000e9300000| Complete 
| 148|0x00000000e9400000, 0x00000000e94b1608, 0x00000000e9500000| 69%| S|CS|TAMS 0x00000000e9400000, 0x00000000e9400000| Complete 
| 149|0x00000000e9500000, 0x00000000e9600000, 0x00000000e9600000|100%| S|CS|TAMS 0x00000000e9500000, 0x00000000e9500000| Complete 
| 150|0x00000000e9600000, 0x00000000e9700000, 0x00000000e9700000|100%| S|CS|TAMS 0x00000000e9600000, 0x00000000e9600000| Complete 
| 151|0x00000000e9700000, 0x00000000e9800000, 0x00000000e9800000|100%| S|CS|TAMS 0x00000000e9700000, 0x00000000e9700000| Complete 
| 152|0x00000000e9800000, 0x00000000e9900000, 0x00000000e9900000|100%| S|CS|TAMS 0x00000000e9800000, 0x00000000e9800000| Complete 
| 153|0x00000000e9900000, 0x00000000e9a00000, 0x00000000e9a00000|100%| S|CS|TAMS 0x00000000e9900000, 0x00000000e9900000| Complete 
| 154|0x00000000e9a00000, 0x00000000e9b00000, 0x00000000e9b00000|100%| S|CS|TAMS 0x00000000e9a00000, 0x00000000e9a00000| Complete 
| 155|0x00000000e9b00000, 0x00000000e9c00000, 0x00000000e9c00000|100%| S|CS|TAMS 0x00000000e9b00000, 0x00000000e9b00000| Complete 
| 156|0x00000000e9c00000, 0x00000000e9d00000, 0x00000000e9d00000|100%| S|CS|TAMS 0x00000000e9c00000, 0x00000000e9c00000| Complete 
| 157|0x00000000e9d00000, 0x00000000e9e00000, 0x00000000e9e00000|100%| E|CS|TAMS 0x00000000e9d00000, 0x00000000e9d00000| Complete 
| 158|0x00000000e9e00000, 0x00000000e9f00000, 0x00000000e9f00000|100%| E|CS|TAMS 0x00000000e9e00000, 0x00000000e9e00000| Complete 
| 159|0x00000000e9f00000, 0x00000000ea000000, 0x00000000ea000000|100%| E|CS|TAMS 0x00000000e9f00000, 0x00000000e9f00000| Complete 
| 160|0x00000000ea000000, 0x00000000ea100000, 0x00000000ea100000|100%| E|CS|TAMS 0x00000000ea000000, 0x00000000ea000000| Complete 
| 161|0x00000000ea100000, 0x00000000ea200000, 0x00000000ea200000|100%| E|CS|TAMS 0x00000000ea100000, 0x00000000ea100000| Complete 
| 162|0x00000000ea200000, 0x00000000ea300000, 0x00000000ea300000|100%| E|CS|TAMS 0x00000000ea200000, 0x00000000ea200000| Complete 
| 163|0x00000000ea300000, 0x00000000ea400000, 0x00000000ea400000|100%| E|CS|TAMS 0x00000000ea300000, 0x00000000ea300000| Complete 
| 164|0x00000000ea400000, 0x00000000ea500000, 0x00000000ea500000|100%| E|CS|TAMS 0x00000000ea400000, 0x00000000ea400000| Complete 
| 165|0x00000000ea500000, 0x00000000ea600000, 0x00000000ea600000|100%| E|CS|TAMS 0x00000000ea500000, 0x00000000ea500000| Complete 
| 166|0x00000000ea600000, 0x00000000ea700000, 0x00000000ea700000|100%| E|CS|TAMS 0x00000000ea600000, 0x00000000ea600000| Complete 
| 167|0x00000000ea700000, 0x00000000ea800000, 0x00000000ea800000|100%| E|CS|TAMS 0x00000000ea700000, 0x00000000ea700000| Complete 
| 168|0x00000000ea800000, 0x00000000ea900000, 0x00000000ea900000|100%| E|CS|TAMS 0x00000000ea800000, 0x00000000ea800000| Complete 
| 169|0x00000000ea900000, 0x00000000eaa00000, 0x00000000eaa00000|100%| E|CS|TAMS 0x00000000ea900000, 0x00000000ea900000| Complete 
| 170|0x00000000eaa00000, 0x00000000eab00000, 0x00000000eab00000|100%| E|CS|TAMS 0x00000000eaa00000, 0x00000000eaa00000| Complete 
| 171|0x00000000eab00000, 0x00000000eac00000, 0x00000000eac00000|100%| E|CS|TAMS 0x00000000eab00000, 0x00000000eab00000| Complete 
| 172|0x00000000eac00000, 0x00000000ead00000, 0x00000000ead00000|100%| E|CS|TAMS 0x00000000eac00000, 0x00000000eac00000| Complete 
| 173|0x00000000ead00000, 0x00000000eae00000, 0x00000000eae00000|100%| E|CS|TAMS 0x00000000ead00000, 0x00000000ead00000| Complete 
| 174|0x00000000eae00000, 0x00000000eaf00000, 0x00000000eaf00000|100%| E|CS|TAMS 0x00000000eae00000, 0x00000000eae00000| Complete 
| 175|0x00000000eaf00000, 0x00000000eb000000, 0x00000000eb000000|100%| E|CS|TAMS 0x00000000eaf00000, 0x00000000eaf00000| Complete 
| 176|0x00000000eb000000, 0x00000000eb100000, 0x00000000eb100000|100%| E|CS|TAMS 0x00000000eb000000, 0x00000000eb000000| Complete 
| 177|0x00000000eb100000, 0x00000000eb200000, 0x00000000eb200000|100%| E|CS|TAMS 0x00000000eb100000, 0x00000000eb100000| Complete 
| 178|0x00000000eb200000, 0x00000000eb300000, 0x00000000eb300000|100%| E|CS|TAMS 0x00000000eb200000, 0x00000000eb200000| Complete 
| 179|0x00000000eb300000, 0x00000000eb400000, 0x00000000eb400000|100%| E|CS|TAMS 0x00000000eb300000, 0x00000000eb300000| Complete 
| 180|0x00000000eb400000, 0x00000000eb500000, 0x00000000eb500000|100%| E|CS|TAMS 0x00000000eb400000, 0x00000000eb400000| Complete 
| 181|0x00000000eb500000, 0x00000000eb600000, 0x00000000eb600000|100%| E|CS|TAMS 0x00000000eb500000, 0x00000000eb500000| Complete 
| 182|0x00000000eb600000, 0x00000000eb700000, 0x00000000eb700000|100%| E|CS|TAMS 0x00000000eb600000, 0x00000000eb600000| Complete 
| 183|0x00000000eb700000, 0x00000000eb800000, 0x00000000eb800000|100%| E|CS|TAMS 0x00000000eb700000, 0x00000000eb700000| Complete 
| 184|0x00000000eb800000, 0x00000000eb900000, 0x00000000eb900000|100%| E|CS|TAMS 0x00000000eb800000, 0x00000000eb800000| Complete 
| 185|0x00000000eb900000, 0x00000000eba00000, 0x00000000eba00000|100%| E|CS|TAMS 0x00000000eb900000, 0x00000000eb900000| Complete 
| 186|0x00000000eba00000, 0x00000000ebb00000, 0x00000000ebb00000|100%| E|CS|TAMS 0x00000000eba00000, 0x00000000eba00000| Complete 
| 187|0x00000000ebb00000, 0x00000000ebc00000, 0x00000000ebc00000|100%| E|CS|TAMS 0x00000000ebb00000, 0x00000000ebb00000| Complete 
| 188|0x00000000ebc00000, 0x00000000ebd00000, 0x00000000ebd00000|100%| E|CS|TAMS 0x00000000ebc00000, 0x00000000ebc00000| Complete 
| 189|0x00000000ebd00000, 0x00000000ebe00000, 0x00000000ebe00000|100%| E|CS|TAMS 0x00000000ebd00000, 0x00000000ebd00000| Complete 
| 190|0x00000000ebe00000, 0x00000000ebf00000, 0x00000000ebf00000|100%| E|CS|TAMS 0x00000000ebe00000, 0x00000000ebe00000| Complete 
| 191|0x00000000ebf00000, 0x00000000ec000000, 0x00000000ec000000|100%| E|CS|TAMS 0x00000000ebf00000, 0x00000000ebf00000| Complete 
| 192|0x00000000ec000000, 0x00000000ec100000, 0x00000000ec100000|100%| E|CS|TAMS 0x00000000ec000000, 0x00000000ec000000| Complete 
| 193|0x00000000ec100000, 0x00000000ec200000, 0x00000000ec200000|100%| E|CS|TAMS 0x00000000ec100000, 0x00000000ec100000| Complete 
| 194|0x00000000ec200000, 0x00000000ec300000, 0x00000000ec300000|100%| E|CS|TAMS 0x00000000ec200000, 0x00000000ec200000| Complete 
| 195|0x00000000ec300000, 0x00000000ec400000, 0x00000000ec400000|100%| E|CS|TAMS 0x00000000ec300000, 0x00000000ec300000| Complete 
| 196|0x00000000ec400000, 0x00000000ec500000, 0x00000000ec500000|100%| E|CS|TAMS 0x00000000ec400000, 0x00000000ec400000| Complete 
| 197|0x00000000ec500000, 0x00000000ec600000, 0x00000000ec600000|100%| E|CS|TAMS 0x00000000ec500000, 0x00000000ec500000| Complete 
| 198|0x00000000ec600000, 0x00000000ec700000, 0x00000000ec700000|100%| E|CS|TAMS 0x00000000ec600000, 0x00000000ec600000| Complete 
| 199|0x00000000ec700000, 0x00000000ec800000, 0x00000000ec800000|100%| E|CS|TAMS 0x00000000ec700000, 0x00000000ec700000| Complete 
| 200|0x00000000ec800000, 0x00000000ec900000, 0x00000000ec900000|100%| E|CS|TAMS 0x00000000ec800000, 0x00000000ec800000| Complete 
| 201|0x00000000ec900000, 0x00000000eca00000, 0x00000000eca00000|100%| E|CS|TAMS 0x00000000ec900000, 0x00000000ec900000| Complete 
| 202|0x00000000eca00000, 0x00000000ecb00000, 0x00000000ecb00000|100%| E|CS|TAMS 0x00000000eca00000, 0x00000000eca00000| Complete 
| 203|0x00000000ecb00000, 0x00000000ecc00000, 0x00000000ecc00000|100%| E|CS|TAMS 0x00000000ecb00000, 0x00000000ecb00000| Complete 
| 204|0x00000000ecc00000, 0x00000000ecd00000, 0x00000000ecd00000|100%| E|CS|TAMS 0x00000000ecc00000, 0x00000000ecc00000| Complete 
| 205|0x00000000ecd00000, 0x00000000ece00000, 0x00000000ece00000|100%| E|CS|TAMS 0x00000000ecd00000, 0x00000000ecd00000| Complete 
| 206|0x00000000ece00000, 0x00000000ecf00000, 0x00000000ecf00000|100%| E|CS|TAMS 0x00000000ece00000, 0x00000000ece00000| Complete 
| 207|0x00000000ecf00000, 0x00000000ed000000, 0x00000000ed000000|100%| E|CS|TAMS 0x00000000ecf00000, 0x00000000ecf00000| Complete 
| 208|0x00000000ed000000, 0x00000000ed100000, 0x00000000ed100000|100%| E|CS|TAMS 0x00000000ed000000, 0x00000000ed000000| Complete 
| 209|0x00000000ed100000, 0x00000000ed200000, 0x00000000ed200000|100%| E|CS|TAMS 0x00000000ed100000, 0x00000000ed100000| Complete 
| 210|0x00000000ed200000, 0x00000000ed300000, 0x00000000ed300000|100%| E|CS|TAMS 0x00000000ed200000, 0x00000000ed200000| Complete 
| 211|0x00000000ed300000, 0x00000000ed400000, 0x00000000ed400000|100%| E|CS|TAMS 0x00000000ed300000, 0x00000000ed300000| Complete 
| 212|0x00000000ed400000, 0x00000000ed500000, 0x00000000ed500000|100%| E|CS|TAMS 0x00000000ed400000, 0x00000000ed400000| Complete 
| 213|0x00000000ed500000, 0x00000000ed600000, 0x00000000ed600000|100%| E|CS|TAMS 0x00000000ed500000, 0x00000000ed500000| Complete 
| 214|0x00000000ed600000, 0x00000000ed700000, 0x00000000ed700000|100%| E|CS|TAMS 0x00000000ed600000, 0x00000000ed600000| Complete 
| 215|0x00000000ed700000, 0x00000000ed800000, 0x00000000ed800000|100%| E|CS|TAMS 0x00000000ed700000, 0x00000000ed700000| Complete 
| 216|0x00000000ed800000, 0x00000000ed900000, 0x00000000ed900000|100%| E|CS|TAMS 0x00000000ed800000, 0x00000000ed800000| Complete 
| 217|0x00000000ed900000, 0x00000000eda00000, 0x00000000eda00000|100%| E|CS|TAMS 0x00000000ed900000, 0x00000000ed900000| Complete 
| 218|0x00000000eda00000, 0x00000000edb00000, 0x00000000edb00000|100%| E|CS|TAMS 0x00000000eda00000, 0x00000000eda00000| Complete 
| 219|0x00000000edb00000, 0x00000000edc00000, 0x00000000edc00000|100%| E|CS|TAMS 0x00000000edb00000, 0x00000000edb00000| Complete 
| 220|0x00000000edc00000, 0x00000000edd00000, 0x00000000edd00000|100%| E|CS|TAMS 0x00000000edc00000, 0x00000000edc00000| Complete 
| 221|0x00000000edd00000, 0x00000000ede00000, 0x00000000ede00000|100%| E|CS|TAMS 0x00000000edd00000, 0x00000000edd00000| Complete 
| 222|0x00000000ede00000, 0x00000000edf00000, 0x00000000edf00000|100%| E|CS|TAMS 0x00000000ede00000, 0x00000000ede00000| Complete 
| 223|0x00000000edf00000, 0x00000000ee000000, 0x00000000ee000000|100%| E|CS|TAMS 0x00000000edf00000, 0x00000000edf00000| Complete 
| 224|0x00000000ee000000, 0x00000000ee100000, 0x00000000ee100000|100%| E|CS|TAMS 0x00000000ee000000, 0x00000000ee000000| Complete 
| 225|0x00000000ee100000, 0x00000000ee200000, 0x00000000ee200000|100%| E|CS|TAMS 0x00000000ee100000, 0x00000000ee100000| Complete 
| 226|0x00000000ee200000, 0x00000000ee300000, 0x00000000ee300000|100%| E|CS|TAMS 0x00000000ee200000, 0x00000000ee200000| Complete 
| 227|0x00000000ee300000, 0x00000000ee400000, 0x00000000ee400000|100%| E|CS|TAMS 0x00000000ee300000, 0x00000000ee300000| Complete 
| 228|0x00000000ee400000, 0x00000000ee500000, 0x00000000ee500000|100%| E|CS|TAMS 0x00000000ee400000, 0x00000000ee400000| Complete 
| 229|0x00000000ee500000, 0x00000000ee600000, 0x00000000ee600000|100%| E|CS|TAMS 0x00000000ee500000, 0x00000000ee500000| Complete 
| 230|0x00000000ee600000, 0x00000000ee700000, 0x00000000ee700000|100%| E|CS|TAMS 0x00000000ee600000, 0x00000000ee600000| Complete 
| 231|0x00000000ee700000, 0x00000000ee800000, 0x00000000ee800000|100%| E|CS|TAMS 0x00000000ee700000, 0x00000000ee700000| Complete 
| 232|0x00000000ee800000, 0x00000000ee900000, 0x00000000ee900000|100%| E|CS|TAMS 0x00000000ee800000, 0x00000000ee800000| Complete 
| 233|0x00000000ee900000, 0x00000000eea00000, 0x00000000eea00000|100%| E|CS|TAMS 0x00000000ee900000, 0x00000000ee900000| Complete 
| 234|0x00000000eea00000, 0x00000000eeb00000, 0x00000000eeb00000|100%| E|CS|TAMS 0x00000000eea00000, 0x00000000eea00000| Complete 
| 235|0x00000000eeb00000, 0x00000000eec00000, 0x00000000eec00000|100%| E|CS|TAMS 0x00000000eeb00000, 0x00000000eeb00000| Complete 
| 236|0x00000000eec00000, 0x00000000eed00000, 0x00000000eed00000|100%| E|CS|TAMS 0x00000000eec00000, 0x00000000eec00000| Complete 
| 237|0x00000000eed00000, 0x00000000eee00000, 0x00000000eee00000|100%| E|CS|TAMS 0x00000000eed00000, 0x00000000eed00000| Complete 
| 238|0x00000000eee00000, 0x00000000eef00000, 0x00000000eef00000|100%| E|CS|TAMS 0x00000000eee00000, 0x00000000eee00000| Complete 
| 239|0x00000000eef00000, 0x00000000ef000000, 0x00000000ef000000|100%| E|CS|TAMS 0x00000000eef00000, 0x00000000eef00000| Complete 
| 240|0x00000000ef000000, 0x00000000ef100000, 0x00000000ef100000|100%| E|CS|TAMS 0x00000000ef000000, 0x00000000ef000000| Complete 
| 241|0x00000000ef100000, 0x00000000ef200000, 0x00000000ef200000|100%| E|CS|TAMS 0x00000000ef100000, 0x00000000ef100000| Complete 
| 242|0x00000000ef200000, 0x00000000ef300000, 0x00000000ef300000|100%| E|CS|TAMS 0x00000000ef200000, 0x00000000ef200000| Complete 
| 243|0x00000000ef300000, 0x00000000ef400000, 0x00000000ef400000|100%| E|CS|TAMS 0x00000000ef300000, 0x00000000ef300000| Complete 
| 244|0x00000000ef400000, 0x00000000ef500000, 0x00000000ef500000|100%| E|CS|TAMS 0x00000000ef400000, 0x00000000ef400000| Complete 
| 245|0x00000000ef500000, 0x00000000ef600000, 0x00000000ef600000|100%| E|CS|TAMS 0x00000000ef500000, 0x00000000ef500000| Complete 
| 246|0x00000000ef600000, 0x00000000ef700000, 0x00000000ef700000|100%| E|CS|TAMS 0x00000000ef600000, 0x00000000ef600000| Complete 
| 247|0x00000000ef700000, 0x00000000ef800000, 0x00000000ef800000|100%| E|CS|TAMS 0x00000000ef700000, 0x00000000ef700000| Complete 
| 248|0x00000000ef800000, 0x00000000ef900000, 0x00000000ef900000|100%| E|CS|TAMS 0x00000000ef800000, 0x00000000ef800000| Complete 
| 249|0x00000000ef900000, 0x00000000efa00000, 0x00000000efa00000|100%| E|CS|TAMS 0x00000000ef900000, 0x00000000ef900000| Complete 
| 250|0x00000000efa00000, 0x00000000efb00000, 0x00000000efb00000|100%| E|CS|TAMS 0x00000000efa00000, 0x00000000efa00000| Complete 
| 251|0x00000000efb00000, 0x00000000efc00000, 0x00000000efc00000|100%| E|CS|TAMS 0x00000000efb00000, 0x00000000efb00000| Complete 
| 252|0x00000000efc00000, 0x00000000efd00000, 0x00000000efd00000|100%| E|CS|TAMS 0x00000000efc00000, 0x00000000efc00000| Complete 
| 253|0x00000000efd00000, 0x00000000efe00000, 0x00000000efe00000|100%| E|CS|TAMS 0x00000000efd00000, 0x00000000efd00000| Complete 
| 254|0x00000000efe00000, 0x00000000eff00000, 0x00000000eff00000|100%| E|CS|TAMS 0x00000000efe00000, 0x00000000efe00000| Complete 
| 255|0x00000000eff00000, 0x00000000f0000000, 0x00000000f0000000|100%| E|CS|TAMS 0x00000000eff00000, 0x00000000eff00000| Complete 

Card table byte_map: [0x000002b924d40000,0x000002b924e40000] _byte_map_base: 0x000002b924640000

Marking Bits (Prev, Next): (CMBitMap*) 0x000002b90dfa5e50, (CMBitMap*) 0x000002b90dfa5e90
 Prev Bits: [0x000002b924f40000, 0x000002b925740000)
 Next Bits: [0x000002b925740000, 0x000002b925f40000)

Polling page: 0x000002b90bc20000

Metaspace:

Usage:
  Non-class:     43.52 MB used.
      Class:      6.92 MB used.
       Both:     50.44 MB used.

Virtual space:
  Non-class space:       48.00 MB reserved,      43.81 MB ( 91%) committed,  6 nodes.
      Class space:      208.00 MB reserved,       7.25 MB (  3%) committed,  1 nodes.
              Both:      256.00 MB reserved,      51.06 MB ( 20%) committed. 

Chunk freelists:
   Non-Class:  3.98 MB
       Class:  627.00 KB
        Both:  4.60 MB

MaxMetaspaceSize: 256.00 MB
CompressedClassSpaceSize: 208.00 MB
 - commit_granule_bytes: 65536.
 - commit_granule_words: 8192.
 - virtual_space_node_default_size: 1048576.
 - enlarge_chunks_in_place: 1.
 - new_chunks_are_fully_committed: 0.
 - uncommit_free_chunks: 1.
 - use_allocation_guard: 0.
 - handle_deallocations: 1.


Internal statistics:

num_allocs_failed_limit: 6.
num_arena_births: 634.
num_arena_deaths: 0.
num_vsnodes_births: 7.
num_vsnodes_deaths: 0.
num_space_committed: 817.
num_space_uncommitted: 0.
num_chunks_returned_to_freelist: 6.
num_chunks_taken_from_freelist: 2687.
num_chunk_merges: 6.
num_chunk_splits: 1731.
num_chunks_enlarged: 1140.
num_purges: 0.

CodeHeap 'non-profiled nmethods': size=120000Kb used=2752Kb max_used=3370Kb free=117247Kb
 bounds [0x000002b91d1c0000, 0x000002b91d510000, 0x000002b9246f0000]
CodeHeap 'profiled nmethods': size=120000Kb used=10383Kb max_used=12110Kb free=109616Kb
 bounds [0x000002b915c90000, 0x000002b916870000, 0x000002b91d1c0000]
CodeHeap 'non-nmethods': size=5760Kb used=2345Kb max_used=2406Kb free=3414Kb
 bounds [0x000002b9156f0000, 0x000002b915960000, 0x000002b915c90000]
 total_blobs=6141 nmethods=5294 adapters=759
 compilation: enabled
              stopped_count=0, restarted_count=0
 full_count=0

Compilation events (20 events):
Event: 371.655 Thread 0x000002b928bab720 nmethod 6162 0x000002b915ca3290 code [0x000002b915ca3500, 0x000002b915ca3f18]
Event: 371.668 Thread 0x000002b928bab720 6164       1       org.gradle.internal.snapshot.EmptyChildMap::isEmpty (2 bytes)
Event: 371.668 Thread 0x000002b928bab720 nmethod 6164 0x000002b91d3ef690 code [0x000002b91d3ef820, 0x000002b91d3ef8f8]
Event: 371.833 Thread 0x000002b928bab720 6165       3       java.util.stream.ReferencePipeline$7::opWrapSink (10 bytes)
Event: 371.833 Thread 0x000002b928bab720 nmethod 6165 0x000002b915f41510 code [0x000002b915f41700, 0x000002b915f41cc8]
Event: 371.834 Thread 0x000002b928bab720 6166       3       java.util.stream.ReferencePipeline$7$1::<init> (11 bytes)
Event: 371.834 Thread 0x000002b928bab720 nmethod 6166 0x000002b91606fd90 code [0x000002b91606ff60, 0x000002b916070468]
Event: 371.834 Thread 0x000002b928bab720 6167       3       java.util.stream.ReferencePipeline$7$1::begin (13 bytes)
Event: 371.834 Thread 0x000002b928bab720 nmethod 6167 0x000002b9161f7390 code [0x000002b9161f7540, 0x000002b9161f7728]
Event: 374.824 Thread 0x000002b928b9ebf0 6168       4       java.util.stream.ReferencePipeline$Head::forEach (26 bytes)
Event: 374.826 Thread 0x000002b928b9ebf0 nmethod 6168 0x000002b91d3ca810 code [0x000002b91d3ca9a0, 0x000002b91d3cab58]
Event: 375.829 Thread 0x000002b928b9ebf0 6169       4       java.util.stream.AbstractPipeline::close (48 bytes)
Event: 375.831 Thread 0x000002b928b9ebf0 nmethod 6169 0x000002b91d3ca390 code [0x000002b91d3ca520, 0x000002b91d3ca6e8]
Event: 376.830 Thread 0x000002b928b9ebf0 6170   !   4       java.util.stream.ReferencePipeline$7$1::accept (127 bytes)
Event: 376.841 Thread 0x000002b928b9ebf0 nmethod 6170 0x000002b91d225e90 code [0x000002b91d2260a0, 0x000002b91d226a48]
Event: 384.836 Thread 0x000002b928bab720 6171   !   3       org.gradle.launcher.daemon.server.health.gc.DefaultSlidingWindow::slideAndInsert (50 bytes)
Event: 384.838 Thread 0x000002b928bab720 nmethod 6171 0x000002b915cdd790 code [0x000002b915cddac0, 0x000002b915cdefe8]
Event: 384.838 Thread 0x000002b928bab720 6172   !   3       java.util.concurrent.LinkedBlockingDeque::peekLast (41 bytes)
Event: 384.838 Thread 0x000002b928bab720 nmethod 6172 0x000002b9160a5a90 code [0x000002b9160a5cc0, 0x000002b9160a6658]
Event: 390.831 Thread 0x000002b928b9ebf0 6174       4       sun.management.spi.PlatformMBeanProvider$PlatformComponent::getMBeans (87 bytes)

GC Heap History (8 events):
Event: 0.379 GC heap before
{Heap before GC invocations=0 (full 0):
 garbage-first heap   total 262144K, used 28672K [0x00000000e0000000, 0x0000000100000000)
  region size 1024K, 23 young (23552K), 0 survivors (0K)
 Metaspace       used 3100K, committed 3264K, reserved 221184K
  class space    used 378K, committed 448K, reserved 212992K
}
Event: 0.382 GC heap after
{Heap after GC invocations=1 (full 0):
 garbage-first heap   total 262144K, used 8880K [0x00000000e0000000, 0x0000000100000000)
  region size 1024K, 3 young (3072K), 3 survivors (3072K)
 Metaspace       used 3100K, committed 3264K, reserved 221184K
  class space    used 378K, committed 448K, reserved 212992K
}
Event: 0.616 GC heap before
{Heap before GC invocations=1 (full 0):
 garbage-first heap   total 262144K, used 39600K [0x00000000e0000000, 0x0000000100000000)
  region size 1024K, 32 young (32768K), 3 survivors (3072K)
 Metaspace       used 4009K, committed 4224K, reserved 221184K
  class space    used 473K, committed 576K, reserved 212992K
}
Event: 0.618 GC heap after
{Heap after GC invocations=2 (full 0):
 garbage-first heap   total 262144K, used 11319K [0x00000000e0000000, 0x0000000100000000)
  region size 1024K, 3 young (3072K), 3 survivors (3072K)
 Metaspace       used 4009K, committed 4224K, reserved 221184K
  class space    used 473K, committed 576K, reserved 212992K
}
Event: 1.951 GC heap before
{Heap before GC invocations=2 (full 0):
 garbage-first heap   total 262144K, used 117815K [0x00000000e0000000, 0x0000000100000000)
  region size 1024K, 108 young (110592K), 3 survivors (3072K)
 Metaspace       used 20931K, committed 21248K, reserved 237568K
  class space    used 3098K, committed 3264K, reserved 212992K
}
Event: 1.957 GC heap after
{Heap after GC invocations=3 (full 0):
 garbage-first heap   total 262144K, used 20410K [0x00000000e0000000, 0x0000000100000000)
  region size 1024K, 11 young (11264K), 11 survivors (11264K)
 Metaspace       used 20931K, committed 21248K, reserved 237568K
  class space    used 3098K, committed 3264K, reserved 212992K
}
Event: 2.900 GC heap before
{Heap before GC invocations=4 (full 0):
 garbage-first heap   total 262144K, used 123834K [0x00000000e0000000, 0x0000000100000000)
  region size 1024K, 110 young (112640K), 11 survivors (11264K)
 Metaspace       used 35118K, committed 35520K, reserved 245760K
  class space    used 4776K, committed 4928K, reserved 212992K
}
Event: 2.908 GC heap after
{Heap after GC invocations=5 (full 0):
 garbage-first heap   total 262144K, used 29563K [0x00000000e0000000, 0x0000000100000000)
  region size 1024K, 9 young (9216K), 9 survivors (9216K)
 Metaspace       used 35118K, committed 35520K, reserved 245760K
  class space    used 4776K, committed 4928K, reserved 212992K
}

Deoptimization events (20 events):
Event: 43.425 Thread 0x000002b92d384010 DEOPT PACKING pc=0x000002b916363c7c sp=0x000000f25e9f8fc0
Event: 43.425 Thread 0x000002b92d384010 DEOPT UNPACKING pc=0x000002b91573e77e sp=0x000000f25e9f8540 mode 0
Event: 43.433 Thread 0x000002b92d384010 Uncommon trap: trap_request=0xffffffde fr.pc=0x000002b91d328bb8 relative=0x00000000000044d8
Event: 43.433 Thread 0x000002b92d384010 Uncommon trap: reason=class_check action=maybe_recompile pc=0x000002b91d328bb8 method=jdk.internal.loader.URLClassPath.getLoader(I)Ljdk/internal/loader/URLClassPath$Loader; @ 88 c2
Event: 43.434 Thread 0x000002b92d384010 DEOPT PACKING pc=0x000002b91d328bb8 sp=0x000000f25e9f8df0
Event: 43.434 Thread 0x000002b92d384010 DEOPT UNPACKING pc=0x000002b91573f92e sp=0x000000f25e9f8e20 mode 2
Event: 43.485 Thread 0x000002b92d383570 Uncommon trap: trap_request=0xffffffde fr.pc=0x000002b91d31e01c relative=0x0000000000000a1c
Event: 43.485 Thread 0x000002b92d383570 Uncommon trap: reason=class_check action=maybe_recompile pc=0x000002b91d31e01c method=java.io.BufferedInputStream.read1([BII)I @ 39 c2
Event: 43.485 Thread 0x000002b92d383570 DEOPT PACKING pc=0x000002b91d31e01c sp=0x000000f25f7feca0
Event: 43.485 Thread 0x000002b92d383570 DEOPT UNPACKING pc=0x000002b91573f92e sp=0x000000f25f7febb8 mode 2
Event: 43.557 Thread 0x000002b92d383570 Uncommon trap: trap_request=0xffffffde fr.pc=0x000002b91d31e01c relative=0x0000000000000a1c
Event: 43.557 Thread 0x000002b92d383570 Uncommon trap: reason=class_check action=maybe_recompile pc=0x000002b91d31e01c method=java.io.BufferedInputStream.read1([BII)I @ 39 c2
Event: 43.557 Thread 0x000002b92d383570 DEOPT PACKING pc=0x000002b91d31e01c sp=0x000000f25f7feca0
Event: 43.557 Thread 0x000002b92d383570 DEOPT UNPACKING pc=0x000002b91573f92e sp=0x000000f25f7febb8 mode 2
Event: 48.517 Thread 0x000002b92d383570 Uncommon trap: trap_request=0xffffffde fr.pc=0x000002b91d31b39c relative=0x00000000000001dc
Event: 48.517 Thread 0x000002b92d383570 Uncommon trap: reason=class_check action=maybe_recompile pc=0x000002b91d31b39c method=java.io.BufferedInputStream.read1([BII)I @ 39 c2
Event: 48.517 Thread 0x000002b92d383570 DEOPT PACKING pc=0x000002b91d31b39c sp=0x000000f25f7fec00
Event: 48.517 Thread 0x000002b92d383570 DEOPT UNPACKING pc=0x000002b91573f92e sp=0x000000f25f7feba8 mode 2
Event: 158.201 Thread 0x000002b92b93d630 DEOPT PACKING pc=0x000002b916363c7c sp=0x000000f25cffe960
Event: 158.201 Thread 0x000002b92b93d630 DEOPT UNPACKING pc=0x000002b91573e77e sp=0x000000f25cffdee0 mode 0

Classes unloaded (0 events):
No events

Classes redefined (0 events):
No events

Internal exceptions (20 events):
Event: 3.869 Thread 0x000002b92d37f5b0 Exception <a 'java/lang/NoSuchMethodError'{0x00000000eab0a598}: 'java.lang.Object java.lang.invoke.DirectMethodHandle$Holder.newInvokeSpecial(java.lang.Object, long)'> (0x00000000eab0a598) 
thrown [t:\workspace\open\src\hotspot\share\interpreter\linkResolver.cpp, line 790]
Event: 3.870 Thread 0x000002b92d37f5b0 Exception <a 'java/lang/NoSuchMethodError'{0x00000000eab11680}: 'java.lang.Object java.lang.invoke.DirectMethodHandle$Holder.invokeStatic(java.lang.Object, java.lang.Object, long, java.lang.Object)'> (0x00000000eab11680) 
thrown [t:\workspace\open\src\hotspot\share\interpreter\linkResolver.cpp, line 790]
Event: 3.870 Thread 0x000002b92d37f5b0 Exception <a 'java/lang/NoSuchMethodError'{0x00000000eab15320}: 'java.lang.Object java.lang.invoke.DirectMethodHandle$Holder.invokeStaticInit(java.lang.Object, java.lang.Object, long, java.lang.Object)'> (0x00000000eab15320) 
thrown [t:\workspace\open\src\hotspot\share\interpreter\linkResolver.cpp, line 790]
Event: 3.870 Thread 0x000002b92d37f5b0 Exception <a 'java/lang/NoSuchMethodError'{0x00000000eab1bc80}: 'java.lang.Object java.lang.invoke.DirectMethodHandle$Holder.newInvokeSpecial(java.lang.Object, java.lang.Object, long)'> (0x00000000eab1bc80) 
thrown [t:\workspace\open\src\hotspot\share\interpreter\linkResolver.cpp, line 790]
Event: 3.871 Thread 0x000002b92d37f5b0 Exception <a 'java/lang/NoSuchMethodError'{0x00000000eab1f9f0}: 'java.lang.Object java.lang.invoke.Invokers$Holder.linkToTargetMethod(java.lang.Object, long, java.lang.Object)'> (0x00000000eab1f9f0) 
thrown [t:\workspace\open\src\hotspot\share\interpreter\linkResolver.cpp, line 790]
Event: 9.913 Thread 0x000002b92d37eb10 Exception <a 'java/lang/reflect/InvocationTargetException'{0x00000000eaceb2c8}> (0x00000000eaceb2c8) 
thrown [t:\workspace\open\src\hotspot\share\runtime\reflection.cpp, line 1157]
Event: 9.916 Thread 0x000002b92b675e20 Exception <a 'java/lang/NoSuchMethodError'{0x00000000eac1e958}: static Lorg/gradle/internal/build/event/types/DefaultTaskFailureResult;.<clinit>()V> (0x00000000eac1e958) 
thrown [t:\workspace\open\src\hotspot\share\prims\jni.cpp, line 1210]
Event: 9.917 Thread 0x000002b92b675e20 Exception <a 'java/lang/NoSuchMethodError'{0x00000000ea90a9e0}: static Lorg/gradle/internal/build/event/types/DefaultFailure;.<clinit>()V> (0x00000000ea90a9e0) 
thrown [t:\workspace\open\src\hotspot\share\prims\jni.cpp, line 1210]
Event: 10.034 Thread 0x000002b92b674390 Exception <a 'java/lang/NoSuchMethodError'{0x00000000ea6d7618}: static Lorg/gradle/tooling/internal/provider/serialization/ClassLoaderDetails;.<clinit>()V> (0x00000000ea6d7618) 
thrown [t:\workspace\open\src\hotspot\share\prims\jni.cpp, line 1210]
Event: 10.034 Thread 0x000002b92b674390 Exception <a 'java/lang/NoSuchMethodError'{0x00000000ea6f0fc0}: static Lorg/gradle/tooling/internal/provider/serialization/WellKnownClassLoaderRegistry$KnownClassLoaderSpec;.<clinit>()V> (0x00000000ea6f0fc0) 
thrown [t:\workspace\open\src\hotspot\share\prims\jni.cpp, line 1210]
Event: 10.035 Thread 0x000002b92b674390 Exception <a 'java/lang/NoSuchMethodError'{0x00000000ea6f26f0}: static Lorg/gradle/internal/classloader/ClassLoaderSpec;.<clinit>()V> (0x00000000ea6f26f0) 
thrown [t:\workspace\open\src\hotspot\share\prims\jni.cpp, line 1210]
Event: 10.035 Thread 0x000002b92b674390 Exception <a 'java/lang/NoSuchMethodError'{0x00000000ea5048a8}: static Lorg/gradle/internal/classloader/ClassLoaderSpec;.<clinit>()V> (0x00000000ea5048a8) 
thrown [t:\workspace\open\src\hotspot\share\prims\jni.cpp, line 1210]
Event: 10.035 Thread 0x000002b92b674390 Exception <a 'java/lang/NoSuchMethodError'{0x00000000ea5103a8}: static Lorg/gradle/internal/classloader/VisitableURLClassLoader$Spec;.<clinit>()V> (0x00000000ea5103a8) 
thrown [t:\workspace\open\src\hotspot\share\prims\jni.cpp, line 1210]
Event: 11.085 Thread 0x000002b92b673e40 Implicit null exception at 0x000002b91d1f57f2 to 0x000002b91d1f5dc4
Event: 11.085 Thread 0x000002b92b673e40 Implicit null exception at 0x000002b91d2182f2 to 0x000002b91d2188c8
Event: 43.435 Thread 0x000002b92d384010 Exception <a 'sun/nio/fs/WindowsException'{0x00000000e933bcd8}> (0x00000000e933bcd8) 
thrown [t:\workspace\open\src\hotspot\share\prims\jni.cpp, line 579]
Event: 43.435 Thread 0x000002b92d384010 Exception <a 'sun/nio/fs/WindowsException'{0x00000000e933c090}> (0x00000000e933c090) 
thrown [t:\workspace\open\src\hotspot\share\prims\jni.cpp, line 579]
Event: 43.442 Thread 0x000002b92d384010 Exception <a 'sun/nio/fs/WindowsException'{0x00000000e92a0c20}> (0x00000000e92a0c20) 
thrown [t:\workspace\open\src\hotspot\share\prims\jni.cpp, line 579]
Event: 43.446 Thread 0x000002b92d384010 Exception <a 'sun/nio/fs/WindowsException'{0x00000000e91c5ed8}> (0x00000000e91c5ed8) 
thrown [t:\workspace\open\src\hotspot\share\prims\jni.cpp, line 579]
Event: 43.457 Thread 0x000002b92d384010 Exception <a 'sun/nio/fs/WindowsException'{0x00000000e8e71f88}> (0x00000000e8e71f88) 
thrown [t:\workspace\open\src\hotspot\share\prims\jni.cpp, line 579]

Events (20 events):
Event: 298.756 Executing  VM operation: Cleanup
Event: 298.756 Executing  VM operation: Cleanup done
Event: 311.899 Executing  VM operation: Cleanup
Event: 311.899 Executing  VM operation: Cleanup done
Event: 316.937 Executing  VM operation: Cleanup
Event: 316.937 Executing  VM operation: Cleanup done
Event: 338.110 Executing  VM operation: Cleanup
Event: 338.110 Executing  VM operation: Cleanup done
Event: 341.117 Executing  VM operation: Cleanup
Event: 341.117 Executing  VM operation: Cleanup done
Event: 350.163 Executing  VM operation: Cleanup
Event: 350.163 Executing  VM operation: Cleanup done
Event: 372.310 Executing  VM operation: Cleanup
Event: 372.310 Executing  VM operation: Cleanup done
Event: 376.321 Executing  VM operation: Cleanup
Event: 376.321 Executing  VM operation: Cleanup done
Event: 378.324 Executing  VM operation: Cleanup
Event: 378.324 Executing  VM operation: Cleanup done
Event: 381.335 Executing  VM operation: Cleanup
Event: 381.335 Executing  VM operation: Cleanup done


Dynamic libraries:
0x00007ff7a9680000 - 0x00007ff7a968e000 	C:\Users\gamer\OneDrive\Desktop\COP 3300\jdk-16.0.2\bin\java.exe
0x00007ffb35d90000 - 0x00007ffb35f85000 	C:\windows\SYSTEM32\ntdll.dll
0x00007ffb345e0000 - 0x00007ffb3469e000 	C:\windows\System32\KERNEL32.DLL
0x00007ffb33720000 - 0x00007ffb339e9000 	C:\windows\System32\KERNELBASE.dll
0x00007ffb33c30000 - 0x00007ffb33d30000 	C:\windows\System32\ucrtbase.dll
0x00007ffb070f0000 - 0x00007ffb07108000 	C:\Users\gamer\OneDrive\Desktop\COP 3300\jdk-16.0.2\bin\jli.dll
0x00007ffb052f0000 - 0x00007ffb05309000 	C:\Users\gamer\OneDrive\Desktop\COP 3300\jdk-16.0.2\bin\VCRUNTIME140.dll
0x00007ffb35830000 - 0x00007ffb359d1000 	C:\windows\System32\USER32.dll
0x00007ffb1d6f0000 - 0x00007ffb1d98a000 	C:\windows\WinSxS\amd64_microsoft.windows.common-controls_6595b64144ccf1df_6.0.19041.1110_none_60b5254171f9507e\COMCTL32.dll
0x00007ffb334b0000 - 0x00007ffb334d2000 	C:\windows\System32\win32u.dll
0x00007ffb351f0000 - 0x00007ffb3528e000 	C:\windows\System32\msvcrt.dll
0x00007ffb34020000 - 0x00007ffb3404b000 	C:\windows\System32\GDI32.dll
0x00007ffb33ac0000 - 0x00007ffb33bcb000 	C:\windows\System32\gdi32full.dll
0x00007ffb33a20000 - 0x00007ffb33abd000 	C:\windows\System32\msvcp_win.dll
0x00007ffb34de0000 - 0x00007ffb34e10000 	C:\windows\System32\IMM32.DLL
0x00007ffb27890000 - 0x00007ffb2789c000 	C:\Users\gamer\OneDrive\Desktop\COP 3300\jdk-16.0.2\bin\vcruntime140_1.dll
0x00007ffac9430000 - 0x00007ffac94c1000 	C:\Users\gamer\OneDrive\Desktop\COP 3300\jdk-16.0.2\bin\msvcp140.dll
0x00007ffa7a360000 - 0x00007ffa7af0b000 	C:\Users\gamer\OneDrive\Desktop\COP 3300\jdk-16.0.2\bin\server\jvm.dll
0x00007ffb35b00000 - 0x00007ffb35bac000 	C:\windows\System32\ADVAPI32.dll
0x00007ffb33de0000 - 0x00007ffb33e7b000 	C:\windows\System32\sechost.dll
0x00007ffb33e90000 - 0x00007ffb33fba000 	C:\windows\System32\RPCRT4.dll
0x00007ffb33e80000 - 0x00007ffb33e88000 	C:\windows\System32\PSAPI.DLL
0x00007ffb27880000 - 0x00007ffb27889000 	C:\windows\SYSTEM32\WSOCK32.dll
0x00007ffb1cfc0000 - 0x00007ffb1cfe7000 	C:\windows\SYSTEM32\WINMM.dll
0x00007ffb29560000 - 0x00007ffb2956a000 	C:\windows\SYSTEM32\VERSION.dll
0x00007ffb352a0000 - 0x00007ffb3530b000 	C:\windows\System32\WS2_32.dll
0x00007ffb31d30000 - 0x00007ffb31d42000 	C:\windows\SYSTEM32\kernel.appcore.dll
0x00007ffb1bdc0000 - 0x00007ffb1bdca000 	C:\Users\gamer\OneDrive\Desktop\COP 3300\jdk-16.0.2\bin\jimage.dll
0x00007ffb310f0000 - 0x00007ffb312d4000 	C:\windows\SYSTEM32\DBGHELP.DLL
0x00007ffb1c040000 - 0x00007ffb1c06c000 	C:\windows\SYSTEM32\dbgcore.DLL
0x00007ffb33690000 - 0x00007ffb33713000 	C:\windows\System32\bcryptPrimitives.dll
0x00007ffafc870000 - 0x00007ffafc895000 	C:\Users\gamer\OneDrive\Desktop\COP 3300\jdk-16.0.2\bin\java.dll
0x00007ffb346a0000 - 0x00007ffb34ddf000 	C:\windows\System32\SHELL32.dll
0x00007ffb31590000 - 0x00007ffb31d20000 	C:\windows\SYSTEM32\windows.storage.dll
0x00007ffb34e10000 - 0x00007ffb35165000 	C:\windows\System32\combase.dll
0x00007ffb32f00000 - 0x00007ffb32f2c000 	C:\windows\SYSTEM32\Wldp.dll
0x00007ffb355d0000 - 0x00007ffb3567d000 	C:\windows\System32\SHCORE.dll
0x00007ffb35cf0000 - 0x00007ffb35d45000 	C:\windows\System32\shlwapi.dll
0x00007ffb333f0000 - 0x00007ffb3340f000 	C:\windows\SYSTEM32\profapi.dll
0x00007ffb050e0000 - 0x00007ffb050f9000 	C:\Users\gamer\OneDrive\Desktop\COP 3300\jdk-16.0.2\bin\net.dll
0x00007ffb267d0000 - 0x00007ffb268d8000 	C:\windows\SYSTEM32\WINHTTP.dll
0x00007ffb32c60000 - 0x00007ffb32cca000 	C:\windows\system32\mswsock.dll
0x00007ffb050b0000 - 0x00007ffb050c3000 	C:\Users\gamer\OneDrive\Desktop\COP 3300\jdk-16.0.2\bin\nio.dll
0x00007ffafe130000 - 0x00007ffafe148000 	C:\Users\gamer\OneDrive\Desktop\COP 3300\jdk-16.0.2\bin\zip.dll
0x00007ffb1a5f0000 - 0x00007ffb1a600000 	C:\Users\gamer\OneDrive\Desktop\COP 3300\jdk-16.0.2\bin\verify.dll
0x00007ffb07280000 - 0x00007ffb072a7000 	C:\Users\gamer\.gradle\native\8bec1ad78214c89d9ad589b4d07fe93259594b29d510b10fafb7a158f7737e5d\windows-amd64\native-platform.dll
0x00007ffaf0cc0000 - 0x00007ffaf0dfd000 	C:\Users\gamer\.gradle\native\53dbd7edfb1c66fb8903c78663c9afc45aea4f116125fa6feffd364cf09443e8\windows-amd64\native-platform-file-events.dll
0x00007ffb187b0000 - 0x00007ffb187b9000 	C:\Users\gamer\OneDrive\Desktop\COP 3300\jdk-16.0.2\bin\management.dll
0x00007ffb0fc30000 - 0x00007ffb0fc3b000 	C:\Users\gamer\OneDrive\Desktop\COP 3300\jdk-16.0.2\bin\management_ext.dll
0x00007ffb32e50000 - 0x00007ffb32e68000 	C:\windows\SYSTEM32\CRYPTSP.dll
0x00007ffb32570000 - 0x00007ffb325a4000 	C:\windows\system32\rsaenh.dll
0x00007ffb339f0000 - 0x00007ffb33a17000 	C:\windows\System32\bcrypt.dll
0x00007ffb33370000 - 0x00007ffb3339e000 	C:\windows\SYSTEM32\USERENV.dll
0x00007ffb32e70000 - 0x00007ffb32e7c000 	C:\windows\SYSTEM32\CRYPTBASE.dll
0x00007ffb32900000 - 0x00007ffb3293b000 	C:\windows\SYSTEM32\IPHLPAPI.DLL
0x00007ffb355c0000 - 0x00007ffb355c8000 	C:\windows\System32\NSI.dll
0x00007ffb28950000 - 0x00007ffb28967000 	C:\windows\SYSTEM32\dhcpcsvc6.DLL
0x00007ffb288f0000 - 0x00007ffb2890d000 	C:\windows\SYSTEM32\dhcpcsvc.DLL
0x00007ffb32950000 - 0x00007ffb32a1c000 	C:\windows\SYSTEM32\DNSAPI.dll
0x00007ffb0fae0000 - 0x00007ffb0faee000 	C:\Users\gamer\OneDrive\Desktop\COP 3300\jdk-16.0.2\bin\sunmscapi.dll
0x00007ffb33530000 - 0x00007ffb33686000 	C:\windows\System32\CRYPT32.dll
0x00007ffb32f70000 - 0x00007ffb32f97000 	C:\windows\SYSTEM32\ncrypt.dll
0x00007ffb32f30000 - 0x00007ffb32f6b000 	C:\windows\SYSTEM32\NTASN1.dll
0x00007ffb089a0000 - 0x00007ffb089a7000 	C:\windows\system32\wshunix.dll

dbghelp: loaded successfully - version: 4.0.5 - missing functions: none
symbol engine: initialized successfully - sym options: 0x614 - pdb path: .;C:\Users\gamer\OneDrive\Desktop\COP 3300\jdk-16.0.2\bin;C:\windows\SYSTEM32;C:\windows\WinSxS\amd64_microsoft.windows.common-controls_6595b64144ccf1df_6.0.19041.1110_none_60b5254171f9507e;C:\Users\gamer\OneDrive\Desktop\COP 3300\jdk-16.0.2\bin\server;C:\Users\gamer\.gradle\native\8bec1ad78214c89d9ad589b4d07fe93259594b29d510b10fafb7a158f7737e5d\windows-amd64;C:\Users\gamer\.gradle\native\53dbd7edfb1c66fb8903c78663c9afc45aea4f116125fa6feffd364cf09443e8\windows-amd64

VM Arguments:
jvm_args: --add-opens=java.base/java.util=ALL-UNNAMED --add-opens=java.base/java.lang=ALL-UNNAMED --add-opens=java.base/java.lang.invoke=ALL-UNNAMED --add-opens=java.base/java.util=ALL-UNNAMED --add-opens=java.prefs/java.util.prefs=ALL-UNNAMED --add-opens=java.prefs/java.util.prefs=ALL-UNNAMED --add-opens=java.base/java.nio.charset=ALL-UNNAMED --add-opens=java.base/java.net=ALL-UNNAMED --add-opens=java.base/java.util.concurrent.atomic=ALL-UNNAMED -XX:MaxMetaspaceSize=256m -XX:+HeapDumpOnOutOfMemoryError -Xms256m -Xmx512m -Dfile.encoding=windows-1252 -Duser.country=US -Duser.language=en -Duser.variant 
java_command: org.gradle.launcher.daemon.bootstrap.GradleDaemon 7.1
java_class_path (initial): C:\Users\gamer\.gradle\wrapper\dists\gradle-7.1-bin\4pslxx9lrxt5svtz5wbnb6tkz\gradle-7.1\lib\gradle-launcher-7.1.jar
Launcher Type: SUN_STANDARD

[Global flags]
     intx CICompilerCount                          = 4                                         {product} {ergonomic}
   size_t CompressedClassSpaceSize                 = 218103808                                 {product} {ergonomic}
     uint ConcGCThreads                            = 3                                         {product} {ergonomic}
     uint G1ConcRefinementThreads                  = 10                                        {product} {ergonomic}
   size_t G1HeapRegionSize                         = 1048576                                   {product} {ergonomic}
    uintx GCDrainStackTargetSize                   = 64                                        {product} {ergonomic}
     bool HeapDumpOnOutOfMemoryError               = true                                   {manageable} {command line}
   size_t InitialHeapSize                          = 268435456                                 {product} {command line}
   size_t MarkStackSize                            = 4194304                                   {product} {ergonomic}
   size_t MaxHeapSize                              = 536870912                                 {product} {command line}
   size_t MaxMetaspaceSize                         = 268435456                                 {product} {command line}
   size_t MaxNewSize                               = 321912832                                 {product} {ergonomic}
   size_t MinHeapDeltaBytes                        = 1048576                                   {product} {ergonomic}
   size_t MinHeapSize                              = 268435456                                 {product} {command line}
    uintx NonNMethodCodeHeapSize                   = 5839372                                {pd product} {ergonomic}
    uintx NonProfiledCodeHeapSize                  = 122909434                              {pd product} {ergonomic}
    uintx ProfiledCodeHeapSize                     = 122909434                              {pd product} {ergonomic}
    uintx ReservedCodeCacheSize                    = 251658240                              {pd product} {ergonomic}
     bool SegmentedCodeCache                       = true                                      {product} {ergonomic}
   size_t SoftMaxHeapSize                          = 536870912                              {manageable} {ergonomic}
     bool UseCompressedClassPointers               = true                           {product lp64_product} {ergonomic}
     bool UseCompressedOops                        = true                           {product lp64_product} {ergonomic}
     bool UseG1GC                                  = true                                      {product} {ergonomic}
     bool UseLargePagesIndividualAllocation        = false                                  {pd product} {ergonomic}

Logging:
Log output configuration:
 #0: stdout all=warning uptime,level,tags
 #1: stderr all=off uptime,level,tags

Environment Variables:
JAVA_HOME=C:\Users\gamer\OneDrive\Desktop\COP 3300\jdk-16.0.2
PATH=C:\Program Files (x86)\Razer\ChromaBroadcast\bin;C:\Program Files\Razer\ChromaBroadcast\bin;C:\windows\system32;C:\windows;C:\windows\System32\Wbem;C:\windows\System32\WindowsPowerShell\v1.0\;C:\windows\System32\OpenSSH\;C:\Program Files (x86)\NVIDIA Corporation\PhysX\Common;C:\Program Files\NVIDIA Corporation\NVIDIA NvDLISR;C:\windows\system32\config\systemprofile\AppData\Local\Microsoft\WindowsApps;C:\Users\gamer\OneDrive\Desktop\COP 3300\jdk-16.0.2\bin;C:\Program Files\Git\cmd;C:\Users\gamer\AppData\Local\Microsoft\WindowsApps;C:\Program Files\IntelliJ IDEA Community Edition 2021.2.1\bin;;C:\Users\gamer\AppData\Local\GitHubDesktop\bin
USERNAME=gamer
OS=Windows_NT
PROCESSOR_IDENTIFIER=Intel64 Family 6 Model 141 Stepping 1, GenuineIntel



---------------  S Y S T E M  ---------------

OS:
 Windows 10 , 64 bit Build 19041 (10.0.19041.1202)
OS uptime: 1 days 21:28 hours

CPU: total 12 (initial active 12) (6 cores per cpu, 2 threads per core) family 6 model 141 stepping 1 microcode 0x2c, cx8, cmov, fxsr, ht, mmx, 3dnowpref, sse, sse2, sse3, ssse3, sse4.1, sse4.2, popcnt, lzcnt, tsc, tscinvbit, avx, avx2, aes, erms, clmul, bmi1, bmi2, adx, avx512f, avx512dq, avx512cd, avx512bw, avx512vl, sha, fma, vzeroupper, avx512_vpopcntdq, avx512_vpclmulqdq, avx512_vaes, avx512_vnni, clflush, clflushopt, clwb, avx512_vmbi2, avx512_vmbi

Memory: 4k page, system-wide physical 7829M (412M free)
TotalPageFile size 22530M (AvailPageFile size 0M)
current process WorkingSet (physical memory assigned to process): 51M, peak: 342M
current process commit charge ("private bytes"): 454M, peak: 495M

vm_info: OpenJDK 64-Bit Server VM (16.0.2+7-67) for windows-amd64 JRE (16.0.2+7-67), built on Jun  8 2021 23:21:43 by "mach5one" with MS VC++ 16.7 (VS2019)

END.
